Video URL Update Log - 2025-05-09 12:07:18
Target URL: https://www.youtube.com/watch?v=kFYgLjdSkXE


===== LESSONS =====
Course: toeic1 - TOEIC Beginner: Professional Development
Course: toeic10 - TOEIC Beginner: Job Interviews
Course: toeic100 - TOEIC Beginner: Respond to Questions
Course: toeic11 - TOEIC Advanced: Marketing Terminology
Course: toeic12 - TOEIC Intermediate: Marketing Terminology
Course: toeic13 - TOEIC Beginner: Business Ethics
Course: toeic14 - TOEIC Beginner: Job Interviews
Course: toeic15 - TOEIC Beginner: Sales and Marketing
Course: toeic16 - TOEIC Beginner: Professional Development
Course: toeic17 - TOEIC Beginner: Global Business
Course: toeic18 - TOEIC Intermediate: Business Travel
Course: toeic19 - TOEIC Advanced: Product Descriptions
Course: toeic2 - TOEIC Advanced: Reading Aloud
Course: toeic20 - TOEIC Advanced: Global Business
Course: toeic21 - TOEIC Advanced: Email Writing
Course: toeic22 - TOEIC Beginner: Product Descriptions
Course: toeic23 - TOEIC Intermediate: Finance Vocabulary
Course: toeic24 - TOEIC Intermediate: Company Structures
Course: toeic25 - TOEIC Intermediate: Product Descriptions
Course: toeic26 - TOEIC Advanced: Customer Service
Course: toeic27 - TOEIC Beginner: Business Presentations
Course: toeic28 - TOEIC Intermediate: Respond to Questions
  - Lesson: toeic_lesson_28_9
    Old URL: https://example.com/videos/toeic_toeic_writing_28_9.mp4
    New URL: https://www.youtube.com/watch?v=kFYgLjdSkXE
Course: toeic29 - TOEIC Beginner: Corporate Culture
  - Lesson: toeic_lesson_29_10
    Old URL: https://example.com/videos/toeic_toeic_part_5-6_29_10.mp4
    New URL: https://www.youtube.com/watch?v=kFYgLjdSkXE
  - Lesson: toeic_lesson_29_11
    Old URL: https://example.com/videos/toeic_toeic_part_5-6_29_11.mp4
    New URL: https://www.youtube.com/watch?v=kFYgLjdSkXE
  - Lesson: toeic_lesson_29_12
    Old URL: https://example.com/videos/toeic_toeic_part_5-6_29_12.mp4
    New URL: https://www.youtube.com/watch?v=kFYgLjdSkXE
  - Lesson: toeic_lesson_29_2
    Old URL: https://example.com/videos/toeic_toeic_part_5-6_29_2.mp4
    New URL: https://www.youtube.com/watch?v=kFYgLjdSkXE
  - Lesson: toeic_lesson_29_3
    Old URL: https://example.com/videos/toeic_toeic_part_5-6_29_3.mp4
    New URL: https://www.youtube.com/watch?v=kFYgLjdSkXE
  - Lesson: toeic_lesson_29_4
    Old URL: https://example.com/videos/toeic_toeic_part_5-6_29_4.mp4
    New URL: https://www.youtube.com/watch?v=kFYgLjdSkXE
  - Lesson: toeic_lesson_29_5
    Old URL: https://example.com/videos/toeic_toeic_part_5-6_29_5.mp4
    New URL: https://www.youtube.com/watch?v=kFYgLjdSkXE
  - Lesson: toeic_lesson_29_6
    Old URL: https://example.com/videos/toeic_toeic_part_5-6_29_6.mp4
    New URL: https://www.youtube.com/watch?v=kFYgLjdSkXE
  - Lesson: toeic_lesson_29_7
    Old URL: https://example.com/videos/toeic_toeic_part_5-6_29_7.mp4
    New URL: https://www.youtube.com/watch?v=kFYgLjdSkXE
  - Lesson: toeic_lesson_29_8
    Old URL: https://example.com/videos/toeic_toeic_part_5-6_29_8.mp4
    New URL: https://www.youtube.com/watch?v=kFYgLjdSkXE
  - Lesson: toeic_lesson_29_9
    Old URL: https://example.com/videos/toeic_toeic_part_5-6_29_9.mp4
    New URL: https://www.youtube.com/watch?v=kFYgLjdSkXE
Course: toeic3 - TOEIC Intermediate: Finance Vocabulary
  - Lesson: toeic_lesson_3_8
    Old URL: https://example.com/videos/toeic_toeic_listening_3_8.mp4
    New URL: https://www.youtube.com/watch?v=kFYgLjdSkXE
  - Lesson: toeic_lesson_3_9
    Old URL: https://example.com/videos/toeic_toeic_listening_3_9.mp4
    New URL: https://www.youtube.com/watch?v=kFYgLjdSkXE
Course: toeic30 - TOEIC Intermediate: Customer Service
Course: toeic31 - TOEIC Intermediate: Reading Aloud
  - Lesson: toeic_lesson_31_1
    Old URL: https://example.com/videos/toeic_toeic_vocabulary_31_1.mp4
    New URL: https://www.youtube.com/watch?v=kFYgLjdSkXE
  - Lesson: toeic_lesson_31_10
    Old URL: https://example.com/videos/toeic_toeic_vocabulary_31_10.mp4
    New URL: https://www.youtube.com/watch?v=kFYgLjdSkXE
  - Lesson: toeic_lesson_31_11
    Old URL: https://example.com/videos/toeic_toeic_vocabulary_31_11.mp4
    New URL: https://www.youtube.com/watch?v=kFYgLjdSkXE
  - Lesson: toeic_lesson_31_2
    Old URL: https://example.com/videos/toeic_toeic_vocabulary_31_2.mp4
    New URL: https://www.youtube.com/watch?v=kFYgLjdSkXE
  - Lesson: toeic_lesson_31_3
    Old URL: https://example.com/videos/toeic_toeic_vocabulary_31_3.mp4
    New URL: https://www.youtube.com/watch?v=kFYgLjdSkXE
  - Lesson: toeic_lesson_31_4
    Old URL: https://example.com/videos/toeic_toeic_vocabulary_31_4.mp4
    New URL: https://www.youtube.com/watch?v=kFYgLjdSkXE
  - Lesson: toeic_lesson_31_5
    Old URL: https://example.com/videos/toeic_toeic_vocabulary_31_5.mp4
    New URL: https://www.youtube.com/watch?v=kFYgLjdSkXE
  - Lesson: toeic_lesson_31_6
    Old URL: https://example.com/videos/toeic_toeic_vocabulary_31_6.mp4
    New URL: https://www.youtube.com/watch?v=kFYgLjdSkXE
  - Lesson: toeic_lesson_31_7
    Old URL: https://example.com/videos/toeic_toeic_vocabulary_31_7.mp4
    New URL: https://www.youtube.com/watch?v=kFYgLjdSkXE
  - Lesson: toeic_lesson_31_8
    Old URL: https://example.com/videos/toeic_toeic_vocabulary_31_8.mp4
    New URL: https://www.youtube.com/watch?v=kFYgLjdSkXE
  - Lesson: toeic_lesson_31_9
    Old URL: https://example.com/videos/toeic_toeic_vocabulary_31_9.mp4
    New URL: https://www.youtube.com/watch?v=kFYgLjdSkXE
Course: toeic32 - TOEIC Advanced: Telephone Conversations
  - Lesson: toeic_lesson_32_7
    Old URL: https://example.com/videos/toeic_toeic_reading_32_7.mp4
    New URL: https://www.youtube.com/watch?v=kFYgLjdSkXE
  - Lesson: toeic_lesson_32_8
    Old URL: https://example.com/videos/toeic_toeic_reading_32_8.mp4
    New URL: https://www.youtube.com/watch?v=kFYgLjdSkXE
  - Lesson: toeic_lesson_32_9
    Old URL: https://example.com/videos/toeic_toeic_reading_32_9.mp4
    New URL: https://www.youtube.com/watch?v=kFYgLjdSkXE
Course: toeic33 - TOEIC Beginner: Customer Service
  - Lesson: toeic_lesson_33_3
    Old URL: https://example.com/videos/toeic_toeic_part_5-6_33_3.mp4
    New URL: https://www.youtube.com/watch?v=kFYgLjdSkXE
Course: toeic34 - TOEIC Intermediate: Quality Management
  - Lesson: toeic_lesson_34_11
    Old URL: https://example.com/videos/toeic_toeic_grammar_34_11.mp4
    New URL: https://www.youtube.com/watch?v=kFYgLjdSkXE
  - Lesson: toeic_lesson_34_12
    Old URL: https://example.com/videos/toeic_toeic_grammar_34_12.mp4
    New URL: https://www.youtube.com/watch?v=kFYgLjdSkXE
  - Lesson: toeic_lesson_34_2
    Old URL: https://example.com/videos/toeic_toeic_grammar_34_2.mp4
    New URL: https://www.youtube.com/watch?v=kFYgLjdSkXE
  - Lesson: toeic_lesson_34_3
    Old URL: https://example.com/videos/toeic_toeic_grammar_34_3.mp4
    New URL: https://www.youtube.com/watch?v=kFYgLjdSkXE
  - Lesson: toeic_lesson_34_4
    Old URL: https://example.com/videos/toeic_toeic_grammar_34_4.mp4
    New URL: https://www.youtube.com/watch?v=kFYgLjdSkXE
  - Lesson: toeic_lesson_34_5
    Old URL: https://example.com/videos/toeic_toeic_grammar_34_5.mp4
    New URL: https://www.youtube.com/watch?v=kFYgLjdSkXE
  - Lesson: toeic_lesson_34_6
    Old URL: https://example.com/videos/toeic_toeic_grammar_34_6.mp4
    New URL: https://www.youtube.com/watch?v=kFYgLjdSkXE
  - Lesson: toeic_lesson_34_7
    Old URL: https://example.com/videos/toeic_toeic_grammar_34_7.mp4
    New URL: https://www.youtube.com/watch?v=kFYgLjdSkXE
  - Lesson: toeic_lesson_34_8
    Old URL: https://example.com/videos/toeic_toeic_grammar_34_8.mp4
    New URL: https://www.youtube.com/watch?v=kFYgLjdSkXE
  - Lesson: toeic_lesson_34_9
    Old URL: https://example.com/videos/toeic_toeic_grammar_34_9.mp4
    New URL: https://www.youtube.com/watch?v=kFYgLjdSkXE
Course: toeic35 - TOEIC Intermediate: Problem Solving
  - Lesson: toeic_lesson_35_6
    Old URL: https://example.com/videos/toeic_toeic_listening_35_6.mp4
    New URL: https://www.youtube.com/watch?v=kFYgLjdSkXE
  - Lesson: toeic_lesson_35_7
    Old URL: https://example.com/videos/toeic_toeic_listening_35_7.mp4
    New URL: https://www.youtube.com/watch?v=kFYgLjdSkXE
  - Lesson: toeic_lesson_35_8
    Old URL: https://example.com/videos/toeic_toeic_listening_35_8.mp4
    New URL: https://www.youtube.com/watch?v=kFYgLjdSkXE
  - Lesson: toeic_lesson_35_9
    Old URL: https://example.com/videos/toeic_toeic_listening_35_9.mp4
    New URL: https://www.youtube.com/watch?v=kFYgLjdSkXE
Course: toeic36 - TOEIC Advanced: Describe a Picture
  - Lesson: toeic_lesson_36_4
    Old URL: https://example.com/videos/toeic_toeic_test_preparation_36_4.mp4
    New URL: https://www.youtube.com/watch?v=kFYgLjdSkXE
  - Lesson: toeic_lesson_36_5
    Old URL: https://example.com/videos/toeic_toeic_test_preparation_36_5.mp4
    New URL: https://www.youtube.com/watch?v=kFYgLjdSkXE
Course: toeic37 - TOEIC Advanced: Technology in Business
  - Lesson: toeic_lesson_37_3
    Old URL: https://example.com/videos/toeic_toeic_grammar_37_3.mp4
    New URL: https://www.youtube.com/watch?v=kFYgLjdSkXE
  - Lesson: toeic_lesson_37_4
    Old URL: https://example.com/videos/toeic_toeic_grammar_37_4.mp4
    New URL: https://www.youtube.com/watch?v=kFYgLjdSkXE
Course: toeic38 - TOEIC Advanced: Company Structures
  - Lesson: toeic_lesson_38_12
    Old URL: https://example.com/videos/toeic_toeic_part_5-6_38_12.mp4
    New URL: https://www.youtube.com/watch?v=kFYgLjdSkXE
  - Lesson: toeic_lesson_38_2
    Old URL: https://example.com/videos/toeic_toeic_part_5-6_38_2.mp4
    New URL: https://www.youtube.com/watch?v=kFYgLjdSkXE
  - Lesson: toeic_lesson_38_3
    Old URL: https://example.com/videos/toeic_toeic_part_5-6_38_3.mp4
    New URL: https://www.youtube.com/watch?v=kFYgLjdSkXE
  - Lesson: toeic_lesson_38_4
    Old URL: https://example.com/videos/toeic_toeic_part_5-6_38_4.mp4
    New URL: https://www.youtube.com/watch?v=kFYgLjdSkXE
  - Lesson: toeic_lesson_38_5
    Old URL: https://example.com/videos/toeic_toeic_part_5-6_38_5.mp4
    New URL: https://www.youtube.com/watch?v=kFYgLjdSkXE
  - Lesson: toeic_lesson_38_6
    Old URL: https://example.com/videos/toeic_toeic_part_5-6_38_6.mp4
    New URL: https://www.youtube.com/watch?v=kFYgLjdSkXE
  - Lesson: toeic_lesson_38_7
    Old URL: https://example.com/videos/toeic_toeic_part_5-6_38_7.mp4
    New URL: https://www.youtube.com/watch?v=kFYgLjdSkXE
  - Lesson: toeic_lesson_38_8
    Old URL: https://example.com/videos/toeic_toeic_part_5-6_38_8.mp4
    New URL: https://www.youtube.com/watch?v=kFYgLjdSkXE
  - Lesson: toeic_lesson_38_9
    Old URL: https://example.com/videos/toeic_toeic_part_5-6_38_9.mp4
    New URL: https://www.youtube.com/watch?v=kFYgLjdSkXE
Course: toeic39 - TOEIC Intermediate: Human Resources
  - Lesson: toeic_lesson_39_5
    Old URL: https://example.com/videos/toeic_toeic_writing_39_5.mp4
    New URL: https://www.youtube.com/watch?v=kFYgLjdSkXE
  - Lesson: toeic_lesson_39_6
    Old URL: https://example.com/videos/toeic_toeic_writing_39_6.mp4
    New URL: https://www.youtube.com/watch?v=kFYgLjdSkXE
  - Lesson: toeic_lesson_39_7
    Old URL: https://example.com/videos/toeic_toeic_writing_39_7.mp4
    New URL: https://www.youtube.com/watch?v=kFYgLjdSkXE
  - Lesson: toeic_lesson_39_8
    Old URL: https://example.com/videos/toeic_toeic_writing_39_8.mp4
    New URL: https://www.youtube.com/watch?v=kFYgLjdSkXE
  - Lesson: toeic_lesson_39_9
    Old URL: https://example.com/videos/toeic_toeic_writing_39_9.mp4
    New URL: https://www.youtube.com/watch?v=kFYgLjdSkXE
Course: toeic4 - TOEIC Beginner: Corporate Culture
  - Lesson: toeic_lesson_4_4
    Old URL: https://example.com/videos/toeic_toeic_part_1-2_4_4.mp4
    New URL: https://www.youtube.com/watch?v=kFYgLjdSkXE
Course: toeic40 - TOEIC Advanced: Quality Management
  - Lesson: toeic_lesson_40_10
    Old URL: https://example.com/videos/toeic_toeic_vocabulary_40_10.mp4
    New URL: https://www.youtube.com/watch?v=kFYgLjdSkXE
  - Lesson: toeic_lesson_40_2
    Old URL: https://example.com/videos/toeic_toeic_vocabulary_40_2.mp4
    New URL: https://www.youtube.com/watch?v=kFYgLjdSkXE
  - Lesson: toeic_lesson_40_3
    Old URL: https://example.com/videos/toeic_toeic_vocabulary_40_3.mp4
    New URL: https://www.youtube.com/watch?v=kFYgLjdSkXE
  - Lesson: toeic_lesson_40_4
    Old URL: https://example.com/videos/toeic_toeic_vocabulary_40_4.mp4
    New URL: https://www.youtube.com/watch?v=kFYgLjdSkXE
  - Lesson: toeic_lesson_40_5
    Old URL: https://example.com/videos/toeic_toeic_vocabulary_40_5.mp4
    New URL: https://www.youtube.com/watch?v=kFYgLjdSkXE
  - Lesson: toeic_lesson_40_6
    Old URL: https://example.com/videos/toeic_toeic_vocabulary_40_6.mp4
    New URL: https://www.youtube.com/watch?v=kFYgLjdSkXE
  - Lesson: toeic_lesson_40_7
    Old URL: https://example.com/videos/toeic_toeic_vocabulary_40_7.mp4
    New URL: https://www.youtube.com/watch?v=kFYgLjdSkXE
  - Lesson: toeic_lesson_40_8
    Old URL: https://example.com/videos/toeic_toeic_vocabulary_40_8.mp4
    New URL: https://www.youtube.com/watch?v=kFYgLjdSkXE
  - Lesson: toeic_lesson_40_9
    Old URL: https://example.com/videos/toeic_toeic_vocabulary_40_9.mp4
    New URL: https://www.youtube.com/watch?v=kFYgLjdSkXE
Course: toeic41 - TOEIC Advanced: Strategic Planning
  - Lesson: toeic_lesson_41_1
    Old URL: https://example.com/videos/toeic_toeic_part_1-2_41_1.mp4
    New URL: https://www.youtube.com/watch?v=kFYgLjdSkXE
  - Lesson: toeic_lesson_41_2
    Old URL: https://example.com/videos/toeic_toeic_part_1-2_41_2.mp4
    New URL: https://www.youtube.com/watch?v=kFYgLjdSkXE
  - Lesson: toeic_lesson_41_3
    Old URL: https://example.com/videos/toeic_toeic_part_1-2_41_3.mp4
    New URL: https://www.youtube.com/watch?v=kFYgLjdSkXE
  - Lesson: toeic_lesson_41_4
    Old URL: https://example.com/videos/toeic_toeic_part_1-2_41_4.mp4
    New URL: https://www.youtube.com/watch?v=kFYgLjdSkXE
  - Lesson: toeic_lesson_41_5
    Old URL: https://example.com/videos/toeic_toeic_part_1-2_41_5.mp4
    New URL: https://www.youtube.com/watch?v=kFYgLjdSkXE
  - Lesson: toeic_lesson_41_6
    Old URL: https://example.com/videos/toeic_toeic_part_1-2_41_6.mp4
    New URL: https://www.youtube.com/watch?v=kFYgLjdSkXE
  - Lesson: toeic_lesson_41_7
    Old URL: https://example.com/videos/toeic_toeic_part_1-2_41_7.mp4
    New URL: https://www.youtube.com/watch?v=kFYgLjdSkXE
  - Lesson: toeic_lesson_41_8
    Old URL: https://example.com/videos/toeic_toeic_part_1-2_41_8.mp4
    New URL: https://www.youtube.com/watch?v=kFYgLjdSkXE
  - Lesson: toeic_lesson_41_9
    Old URL: https://example.com/videos/toeic_toeic_part_1-2_41_9.mp4
    New URL: https://www.youtube.com/watch?v=kFYgLjdSkXE
Course: toeic42 - TOEIC Advanced: Business Travel
  - Lesson: toeic_lesson_42_1
    Old URL: https://example.com/videos/toeic_toeic_part_3-4_42_1.mp4
    New URL: https://www.youtube.com/watch?v=kFYgLjdSkXE
  - Lesson: toeic_lesson_42_10
    Old URL: https://example.com/videos/toeic_toeic_part_3-4_42_10.mp4
    New URL: https://www.youtube.com/watch?v=kFYgLjdSkXE
  - Lesson: toeic_lesson_42_11
    Old URL: https://example.com/videos/toeic_toeic_part_3-4_42_11.mp4
    New URL: https://www.youtube.com/watch?v=kFYgLjdSkXE
  - Lesson: toeic_lesson_42_2
    Old URL: https://example.com/videos/toeic_toeic_part_3-4_42_2.mp4
    New URL: https://www.youtube.com/watch?v=kFYgLjdSkXE
  - Lesson: toeic_lesson_42_3
    Old URL: https://example.com/videos/toeic_toeic_part_3-4_42_3.mp4
    New URL: https://www.youtube.com/watch?v=kFYgLjdSkXE
  - Lesson: toeic_lesson_42_4
    Old URL: https://example.com/videos/toeic_toeic_part_3-4_42_4.mp4
    New URL: https://www.youtube.com/watch?v=kFYgLjdSkXE
  - Lesson: toeic_lesson_42_5
    Old URL: https://example.com/videos/toeic_toeic_part_3-4_42_5.mp4
    New URL: https://www.youtube.com/watch?v=kFYgLjdSkXE
  - Lesson: toeic_lesson_42_6
    Old URL: https://example.com/videos/toeic_toeic_part_3-4_42_6.mp4
    New URL: https://www.youtube.com/watch?v=kFYgLjdSkXE
  - Lesson: toeic_lesson_42_7
    Old URL: https://example.com/videos/toeic_toeic_part_3-4_42_7.mp4
    New URL: https://www.youtube.com/watch?v=kFYgLjdSkXE
  - Lesson: toeic_lesson_42_8
    Old URL: https://example.com/videos/toeic_toeic_part_3-4_42_8.mp4
    New URL: https://www.youtube.com/watch?v=kFYgLjdSkXE
  - Lesson: toeic_lesson_42_9
    Old URL: https://example.com/videos/toeic_toeic_part_3-4_42_9.mp4
    New URL: https://www.youtube.com/watch?v=kFYgLjdSkXE
Course: toeic43 - TOEIC Advanced: Global Business
  - Lesson: toeic_lesson_43_1
    Old URL: https://example.com/videos/toeic_toeic_part_3-4_43_1.mp4
    New URL: https://www.youtube.com/watch?v=kFYgLjdSkXE
  - Lesson: toeic_lesson_43_2
    Old URL: https://example.com/videos/toeic_toeic_part_3-4_43_2.mp4
    New URL: https://www.youtube.com/watch?v=kFYgLjdSkXE
  - Lesson: toeic_lesson_43_3
    Old URL: https://example.com/videos/toeic_toeic_part_3-4_43_3.mp4
    New URL: https://www.youtube.com/watch?v=kFYgLjdSkXE
  - Lesson: toeic_lesson_43_4
    Old URL: https://example.com/videos/toeic_toeic_part_3-4_43_4.mp4
    New URL: https://www.youtube.com/watch?v=kFYgLjdSkXE
Course: toeic44 - TOEIC Advanced: Human Resources
  - Lesson: toeic_lesson_44_1
    Old URL: https://example.com/videos/toeic_toeic_grammar_44_1.mp4
    New URL: https://www.youtube.com/watch?v=kFYgLjdSkXE
  - Lesson: toeic_lesson_44_10
    Old URL: https://example.com/videos/toeic_toeic_grammar_44_10.mp4
    New URL: https://www.youtube.com/watch?v=kFYgLjdSkXE
  - Lesson: toeic_lesson_44_11
    Old URL: https://example.com/videos/toeic_toeic_grammar_44_11.mp4
    New URL: https://www.youtube.com/watch?v=kFYgLjdSkXE
  - Lesson: toeic_lesson_44_12
    Old URL: https://example.com/videos/toeic_toeic_grammar_44_12.mp4
    New URL: https://www.youtube.com/watch?v=kFYgLjdSkXE
  - Lesson: toeic_lesson_44_2
    Old URL: https://example.com/videos/toeic_toeic_grammar_44_2.mp4
    New URL: https://www.youtube.com/watch?v=kFYgLjdSkXE
  - Lesson: toeic_lesson_44_3
    Old URL: https://example.com/videos/toeic_toeic_grammar_44_3.mp4
    New URL: https://www.youtube.com/watch?v=kFYgLjdSkXE
  - Lesson: toeic_lesson_44_4
    Old URL: https://example.com/videos/toeic_toeic_grammar_44_4.mp4
    New URL: https://www.youtube.com/watch?v=kFYgLjdSkXE
  - Lesson: toeic_lesson_44_5
    Old URL: https://example.com/videos/toeic_toeic_grammar_44_5.mp4
    New URL: https://www.youtube.com/watch?v=kFYgLjdSkXE
  - Lesson: toeic_lesson_44_6
    Old URL: https://example.com/videos/toeic_toeic_grammar_44_6.mp4
    New URL: https://www.youtube.com/watch?v=kFYgLjdSkXE
  - Lesson: toeic_lesson_44_7
    Old URL: https://example.com/videos/toeic_toeic_grammar_44_7.mp4
    New URL: https://www.youtube.com/watch?v=kFYgLjdSkXE
  - Lesson: toeic_lesson_44_8
    Old URL: https://example.com/videos/toeic_toeic_grammar_44_8.mp4
    New URL: https://www.youtube.com/watch?v=kFYgLjdSkXE
  - Lesson: toeic_lesson_44_9
    Old URL: https://example.com/videos/toeic_toeic_grammar_44_9.mp4
    New URL: https://www.youtube.com/watch?v=kFYgLjdSkXE
Course: toeic45 - TOEIC Intermediate: Corporate Culture
  - Lesson: toeic_lesson_45_1
    Old URL: https://example.com/videos/toeic_toeic_grammar_45_1.mp4
    New URL: https://www.youtube.com/watch?v=kFYgLjdSkXE
  - Lesson: toeic_lesson_45_2
    Old URL: https://example.com/videos/toeic_toeic_grammar_45_2.mp4
    New URL: https://www.youtube.com/watch?v=kFYgLjdSkXE
  - Lesson: toeic_lesson_45_3
    Old URL: https://example.com/videos/toeic_toeic_grammar_45_3.mp4
    New URL: https://www.youtube.com/watch?v=kFYgLjdSkXE
  - Lesson: toeic_lesson_45_4
    Old URL: https://example.com/videos/toeic_toeic_grammar_45_4.mp4
    New URL: https://www.youtube.com/watch?v=kFYgLjdSkXE
  - Lesson: toeic_lesson_45_5
    Old URL: https://example.com/videos/toeic_toeic_grammar_45_5.mp4
    New URL: https://www.youtube.com/watch?v=kFYgLjdSkXE
  - Lesson: toeic_lesson_45_6
    Old URL: https://example.com/videos/toeic_toeic_grammar_45_6.mp4
    New URL: https://www.youtube.com/watch?v=kFYgLjdSkXE
Course: toeic46 - TOEIC Beginner: Job Interviews
  - Lesson: toeic_lesson_46_1
    Old URL: https://example.com/videos/toeic_toeic_test_preparation_46_1.mp4
    New URL: https://www.youtube.com/watch?v=kFYgLjdSkXE
  - Lesson: toeic_lesson_46_2
    Old URL: https://example.com/videos/toeic_toeic_test_preparation_46_2.mp4
    New URL: https://www.youtube.com/watch?v=kFYgLjdSkXE
  - Lesson: toeic_lesson_46_3
    Old URL: https://example.com/videos/toeic_toeic_test_preparation_46_3.mp4
    New URL: https://www.youtube.com/watch?v=kFYgLjdSkXE
  - Lesson: toeic_lesson_46_4
    Old URL: https://example.com/videos/toeic_toeic_test_preparation_46_4.mp4
    New URL: https://www.youtube.com/watch?v=kFYgLjdSkXE
  - Lesson: toeic_lesson_46_5
    Old URL: https://example.com/videos/toeic_toeic_test_preparation_46_5.mp4
    New URL: https://www.youtube.com/watch?v=kFYgLjdSkXE
  - Lesson: toeic_lesson_46_6
    Old URL: https://example.com/videos/toeic_toeic_test_preparation_46_6.mp4
    New URL: https://www.youtube.com/watch?v=kFYgLjdSkXE
  - Lesson: toeic_lesson_46_7
    Old URL: https://example.com/videos/toeic_toeic_test_preparation_46_7.mp4
    New URL: https://www.youtube.com/watch?v=kFYgLjdSkXE
  - Lesson: toeic_lesson_46_8
    Old URL: https://example.com/videos/toeic_toeic_test_preparation_46_8.mp4
    New URL: https://www.youtube.com/watch?v=kFYgLjdSkXE
Course: toeic47 - TOEIC Intermediate: Meeting Vocabulary
  - Lesson: toeic_lesson_47_1
    Old URL: https://example.com/videos/toeic_business_toeic_47_1.mp4
    New URL: https://www.youtube.com/watch?v=kFYgLjdSkXE
  - Lesson: toeic_lesson_47_2
    Old URL: https://example.com/videos/toeic_business_toeic_47_2.mp4
    New URL: https://www.youtube.com/watch?v=kFYgLjdSkXE
  - Lesson: toeic_lesson_47_3
    Old URL: https://example.com/videos/toeic_business_toeic_47_3.mp4
    New URL: https://www.youtube.com/watch?v=kFYgLjdSkXE
Course: toeic48 - TOEIC Beginner: Problem Solving
  - Lesson: toeic_lesson_48_1
    Old URL: https://example.com/videos/toeic_toeic_part_7_48_1.mp4
    New URL: https://www.youtube.com/watch?v=kFYgLjdSkXE
  - Lesson: toeic_lesson_48_2
    Old URL: https://example.com/videos/toeic_toeic_part_7_48_2.mp4
    New URL: https://www.youtube.com/watch?v=kFYgLjdSkXE
  - Lesson: toeic_lesson_48_3
    Old URL: https://example.com/videos/toeic_toeic_part_7_48_3.mp4
    New URL: https://www.youtube.com/watch?v=kFYgLjdSkXE
  - Lesson: toeic_lesson_48_4
    Old URL: https://example.com/videos/toeic_toeic_part_7_48_4.mp4
    New URL: https://www.youtube.com/watch?v=kFYgLjdSkXE
  - Lesson: toeic_lesson_48_5
    Old URL: https://example.com/videos/toeic_toeic_part_7_48_5.mp4
    New URL: https://www.youtube.com/watch?v=kFYgLjdSkXE
Course: toeic49 - TOEIC Advanced: Business Reports
  - Lesson: toeic_lesson_49_1
    Old URL: https://example.com/videos/toeic_toeic_vocabulary_49_1.mp4
    New URL: https://www.youtube.com/watch?v=kFYgLjdSkXE
  - Lesson: toeic_lesson_49_2
    Old URL: https://example.com/videos/toeic_toeic_vocabulary_49_2.mp4
    New URL: https://www.youtube.com/watch?v=kFYgLjdSkXE
  - Lesson: toeic_lesson_49_3
    Old URL: https://example.com/videos/toeic_toeic_vocabulary_49_3.mp4
    New URL: https://www.youtube.com/watch?v=kFYgLjdSkXE
  - Lesson: toeic_lesson_49_4
    Old URL: https://example.com/videos/toeic_toeic_vocabulary_49_4.mp4
    New URL: https://www.youtube.com/watch?v=kFYgLjdSkXE
Course: toeic5 - TOEIC Advanced: Marketing Terminology
  - Lesson: toeic_lesson_5_1
    Old URL: https://example.com/videos/toeic_toeic_listening_5_1.mp4
    New URL: https://www.youtube.com/watch?v=kFYgLjdSkXE
  - Lesson: toeic_lesson_5_2
    Old URL: https://example.com/videos/toeic_toeic_listening_5_2.mp4
    New URL: https://www.youtube.com/watch?v=kFYgLjdSkXE
  - Lesson: toeic_lesson_5_3
    Old URL: https://example.com/videos/toeic_toeic_listening_5_3.mp4
    New URL: https://www.youtube.com/watch?v=kFYgLjdSkXE
  - Lesson: toeic_lesson_5_4
    Old URL: https://example.com/videos/toeic_toeic_listening_5_4.mp4
    New URL: https://www.youtube.com/watch?v=kFYgLjdSkXE
Course: toeic50 - TOEIC Intermediate: Corporate Culture
  - Lesson: toeic_lesson_50_1
    Old URL: https://example.com/videos/toeic_toeic_vocabulary_50_1.mp4
    New URL: https://www.youtube.com/watch?v=kFYgLjdSkXE
  - Lesson: toeic_lesson_50_2
    Old URL: https://example.com/videos/toeic_toeic_vocabulary_50_2.mp4
    New URL: https://www.youtube.com/watch?v=kFYgLjdSkXE
  - Lesson: toeic_lesson_50_3
    Old URL: https://example.com/videos/toeic_toeic_vocabulary_50_3.mp4
    New URL: https://www.youtube.com/watch?v=kFYgLjdSkXE
  - Lesson: toeic_lesson_50_4
    Old URL: https://example.com/videos/toeic_toeic_vocabulary_50_4.mp4
    New URL: https://www.youtube.com/watch?v=kFYgLjdSkXE
  - Lesson: toeic_lesson_50_5
    Old URL: https://example.com/videos/toeic_toeic_vocabulary_50_5.mp4
    New URL: https://www.youtube.com/watch?v=kFYgLjdSkXE
Course: toeic51 - TOEIC Advanced: Problem Solving
  - Lesson: toeic_lesson_51_1
    Old URL: https://example.com/videos/toeic_toeic_test_preparation_51_1.mp4
    New URL: https://www.youtube.com/watch?v=kFYgLjdSkXE
  - Lesson: toeic_lesson_51_10
    Old URL: https://example.com/videos/toeic_toeic_test_preparation_51_10.mp4
    New URL: https://www.youtube.com/watch?v=kFYgLjdSkXE
  - Lesson: toeic_lesson_51_11
    Old URL: https://example.com/videos/toeic_toeic_test_preparation_51_11.mp4
    New URL: https://www.youtube.com/watch?v=kFYgLjdSkXE
  - Lesson: toeic_lesson_51_12
    Old URL: https://example.com/videos/toeic_toeic_test_preparation_51_12.mp4
    New URL: https://www.youtube.com/watch?v=kFYgLjdSkXE
  - Lesson: toeic_lesson_51_2
    Old URL: https://example.com/videos/toeic_toeic_test_preparation_51_2.mp4
    New URL: https://www.youtube.com/watch?v=kFYgLjdSkXE
  - Lesson: toeic_lesson_51_3
    Old URL: https://example.com/videos/toeic_toeic_test_preparation_51_3.mp4
    New URL: https://www.youtube.com/watch?v=kFYgLjdSkXE
  - Lesson: toeic_lesson_51_4
    Old URL: https://example.com/videos/toeic_toeic_test_preparation_51_4.mp4
    New URL: https://www.youtube.com/watch?v=kFYgLjdSkXE
  - Lesson: toeic_lesson_51_5
    Old URL: https://example.com/videos/toeic_toeic_test_preparation_51_5.mp4
    New URL: https://www.youtube.com/watch?v=kFYgLjdSkXE
  - Lesson: toeic_lesson_51_6
    Old URL: https://example.com/videos/toeic_toeic_test_preparation_51_6.mp4
    New URL: https://www.youtube.com/watch?v=kFYgLjdSkXE
  - Lesson: toeic_lesson_51_7
    Old URL: https://example.com/videos/toeic_toeic_test_preparation_51_7.mp4
    New URL: https://www.youtube.com/watch?v=kFYgLjdSkXE
  - Lesson: toeic_lesson_51_8
    Old URL: https://example.com/videos/toeic_toeic_test_preparation_51_8.mp4
    New URL: https://www.youtube.com/watch?v=kFYgLjdSkXE
  - Lesson: toeic_lesson_51_9
    Old URL: https://example.com/videos/toeic_toeic_test_preparation_51_9.mp4
    New URL: https://www.youtube.com/watch?v=kFYgLjdSkXE
Course: toeic52 - TOEIC Intermediate: Telephone Conversations
  - Lesson: toeic_lesson_52_1
    Old URL: https://example.com/videos/toeic_toeic_writing_52_1.mp4
    New URL: https://www.youtube.com/watch?v=kFYgLjdSkXE
  - Lesson: toeic_lesson_52_2
    Old URL: https://example.com/videos/toeic_toeic_writing_52_2.mp4
    New URL: https://www.youtube.com/watch?v=kFYgLjdSkXE
  - Lesson: toeic_lesson_52_3
    Old URL: https://example.com/videos/toeic_toeic_writing_52_3.mp4
    New URL: https://www.youtube.com/watch?v=kFYgLjdSkXE
  - Lesson: toeic_lesson_52_4
    Old URL: https://example.com/videos/toeic_toeic_writing_52_4.mp4
    New URL: https://www.youtube.com/watch?v=kFYgLjdSkXE
  - Lesson: toeic_lesson_52_5
    Old URL: https://example.com/videos/toeic_toeic_writing_52_5.mp4
    New URL: https://www.youtube.com/watch?v=kFYgLjdSkXE
  - Lesson: toeic_lesson_52_6
    Old URL: https://example.com/videos/toeic_toeic_writing_52_6.mp4
    New URL: https://www.youtube.com/watch?v=kFYgLjdSkXE
  - Lesson: toeic_lesson_52_7
    Old URL: https://example.com/videos/toeic_toeic_writing_52_7.mp4
    New URL: https://www.youtube.com/watch?v=kFYgLjdSkXE
Course: toeic53 - TOEIC Advanced: Customer Service
  - Lesson: toeic_lesson_53_1
    Old URL: https://example.com/videos/toeic_toeic_listening_53_1.mp4
    New URL: https://www.youtube.com/watch?v=kFYgLjdSkXE
  - Lesson: toeic_lesson_53_2
    Old URL: https://example.com/videos/toeic_toeic_listening_53_2.mp4
    New URL: https://www.youtube.com/watch?v=kFYgLjdSkXE
  - Lesson: toeic_lesson_53_3
    Old URL: https://example.com/videos/toeic_toeic_listening_53_3.mp4
    New URL: https://www.youtube.com/watch?v=kFYgLjdSkXE
  - Lesson: toeic_lesson_53_4
    Old URL: https://example.com/videos/toeic_toeic_listening_53_4.mp4
    New URL: https://www.youtube.com/watch?v=kFYgLjdSkXE
  - Lesson: toeic_lesson_53_5
    Old URL: https://example.com/videos/toeic_toeic_listening_53_5.mp4
    New URL: https://www.youtube.com/watch?v=kFYgLjdSkXE
  - Lesson: toeic_lesson_53_6
    Old URL: https://example.com/videos/toeic_toeic_listening_53_6.mp4
    New URL: https://www.youtube.com/watch?v=kFYgLjdSkXE
  - Lesson: toeic_lesson_53_7
    Old URL: https://example.com/videos/toeic_toeic_listening_53_7.mp4
    New URL: https://www.youtube.com/watch?v=kFYgLjdSkXE
  - Lesson: toeic_lesson_53_8
    Old URL: https://example.com/videos/toeic_toeic_listening_53_8.mp4
    New URL: https://www.youtube.com/watch?v=kFYgLjdSkXE
Course: toeic54 - TOEIC Advanced: Email Writing
  - Lesson: toeic_lesson_54_1
    Old URL: https://example.com/videos/toeic_toeic_reading_54_1.mp4
    New URL: https://www.youtube.com/watch?v=kFYgLjdSkXE
  - Lesson: toeic_lesson_54_2
    Old URL: https://example.com/videos/toeic_toeic_reading_54_2.mp4
    New URL: https://www.youtube.com/watch?v=kFYgLjdSkXE
  - Lesson: toeic_lesson_54_3
    Old URL: https://example.com/videos/toeic_toeic_reading_54_3.mp4
    New URL: https://www.youtube.com/watch?v=kFYgLjdSkXE
  - Lesson: toeic_lesson_54_4
    Old URL: https://example.com/videos/toeic_toeic_reading_54_4.mp4
    New URL: https://www.youtube.com/watch?v=kFYgLjdSkXE
  - Lesson: toeic_lesson_54_5
    Old URL: https://example.com/videos/toeic_toeic_reading_54_5.mp4
    New URL: https://www.youtube.com/watch?v=kFYgLjdSkXE
  - Lesson: toeic_lesson_54_6
    Old URL: https://example.com/videos/toeic_toeic_reading_54_6.mp4
    New URL: https://www.youtube.com/watch?v=kFYgLjdSkXE
  - Lesson: toeic_lesson_54_7
    Old URL: https://example.com/videos/toeic_toeic_reading_54_7.mp4
    New URL: https://www.youtube.com/watch?v=kFYgLjdSkXE
Course: toeic55 - TOEIC Intermediate: Meeting Vocabulary
  - Lesson: toeic_lesson_55_1
    Old URL: https://example.com/videos/toeic_toeic_vocabulary_55_1.mp4
    New URL: https://www.youtube.com/watch?v=kFYgLjdSkXE
  - Lesson: toeic_lesson_55_2
    Old URL: https://example.com/videos/toeic_toeic_vocabulary_55_2.mp4
    New URL: https://www.youtube.com/watch?v=kFYgLjdSkXE
  - Lesson: toeic_lesson_55_3
    Old URL: https://example.com/videos/toeic_toeic_vocabulary_55_3.mp4
    New URL: https://www.youtube.com/watch?v=kFYgLjdSkXE
  - Lesson: toeic_lesson_55_4
    Old URL: https://example.com/videos/toeic_toeic_vocabulary_55_4.mp4
    New URL: https://www.youtube.com/watch?v=kFYgLjdSkXE
  - Lesson: toeic_lesson_55_5
    Old URL: https://example.com/videos/toeic_toeic_vocabulary_55_5.mp4
    New URL: https://www.youtube.com/watch?v=kFYgLjdSkXE
  - Lesson: toeic_lesson_55_6
    Old URL: https://example.com/videos/toeic_toeic_vocabulary_55_6.mp4
    New URL: https://www.youtube.com/watch?v=kFYgLjdSkXE
  - Lesson: toeic_lesson_55_7
    Old URL: https://example.com/videos/toeic_toeic_vocabulary_55_7.mp4
    New URL: https://www.youtube.com/watch?v=kFYgLjdSkXE
  - Lesson: toeic_lesson_55_8
    Old URL: https://example.com/videos/toeic_toeic_vocabulary_55_8.mp4
    New URL: https://www.youtube.com/watch?v=kFYgLjdSkXE
Course: toeic56 - TOEIC Advanced: Marketing Terminology
  - Lesson: toeic_lesson_56_1
    Old URL: https://example.com/videos/toeic_toeic_part_3-4_56_1.mp4
    New URL: https://www.youtube.com/watch?v=kFYgLjdSkXE
  - Lesson: toeic_lesson_56_2
    Old URL: https://example.com/videos/toeic_toeic_part_3-4_56_2.mp4
    New URL: https://www.youtube.com/watch?v=kFYgLjdSkXE
  - Lesson: toeic_lesson_56_3
    Old URL: https://example.com/videos/toeic_toeic_part_3-4_56_3.mp4
    New URL: https://www.youtube.com/watch?v=kFYgLjdSkXE
  - Lesson: toeic_lesson_56_4
    Old URL: https://example.com/videos/toeic_toeic_part_3-4_56_4.mp4
    New URL: https://www.youtube.com/watch?v=kFYgLjdSkXE
  - Lesson: toeic_lesson_56_5
    Old URL: https://example.com/videos/toeic_toeic_part_3-4_56_5.mp4
    New URL: https://www.youtube.com/watch?v=kFYgLjdSkXE
Course: toeic57 - TOEIC Advanced: Human Resources
  - Lesson: toeic_lesson_57_1
    Old URL: https://example.com/videos/toeic_toeic_part_5-6_57_1.mp4
    New URL: https://www.youtube.com/watch?v=kFYgLjdSkXE
  - Lesson: toeic_lesson_57_2
    Old URL: https://example.com/videos/toeic_toeic_part_5-6_57_2.mp4
    New URL: https://www.youtube.com/watch?v=kFYgLjdSkXE
  - Lesson: toeic_lesson_57_3
    Old URL: https://example.com/videos/toeic_toeic_part_5-6_57_3.mp4
    New URL: https://www.youtube.com/watch?v=kFYgLjdSkXE
  - Lesson: toeic_lesson_57_4
    Old URL: https://example.com/videos/toeic_toeic_part_5-6_57_4.mp4
    New URL: https://www.youtube.com/watch?v=kFYgLjdSkXE
  - Lesson: toeic_lesson_57_5
    Old URL: https://example.com/videos/toeic_toeic_part_5-6_57_5.mp4
    New URL: https://www.youtube.com/watch?v=kFYgLjdSkXE
Course: toeic58 - TOEIC Intermediate: Product Descriptions
  - Lesson: toeic_lesson_58_1
    Old URL: https://example.com/videos/toeic_toeic_reading_58_1.mp4
    New URL: https://www.youtube.com/watch?v=kFYgLjdSkXE
  - Lesson: toeic_lesson_58_2
    Old URL: https://example.com/videos/toeic_toeic_reading_58_2.mp4
    New URL: https://www.youtube.com/watch?v=kFYgLjdSkXE
  - Lesson: toeic_lesson_58_3
    Old URL: https://example.com/videos/toeic_toeic_reading_58_3.mp4
    New URL: https://www.youtube.com/watch?v=kFYgLjdSkXE
  - Lesson: toeic_lesson_58_4
    Old URL: https://example.com/videos/toeic_toeic_reading_58_4.mp4
    New URL: https://www.youtube.com/watch?v=kFYgLjdSkXE
  - Lesson: toeic_lesson_58_5
    Old URL: https://example.com/videos/toeic_toeic_reading_58_5.mp4
    New URL: https://www.youtube.com/watch?v=kFYgLjdSkXE
  - Lesson: toeic_lesson_58_6
    Old URL: https://example.com/videos/toeic_toeic_reading_58_6.mp4
    New URL: https://www.youtube.com/watch?v=kFYgLjdSkXE
Course: toeic59 - TOEIC Intermediate: Marketing Terminology
  - Lesson: toeic_lesson_59_1
    Old URL: https://example.com/videos/toeic_toeic_speaking_59_1.mp4
    New URL: https://www.youtube.com/watch?v=kFYgLjdSkXE
  - Lesson: toeic_lesson_59_2
    Old URL: https://example.com/videos/toeic_toeic_speaking_59_2.mp4
    New URL: https://www.youtube.com/watch?v=kFYgLjdSkXE
  - Lesson: toeic_lesson_59_3
    Old URL: https://example.com/videos/toeic_toeic_speaking_59_3.mp4
    New URL: https://www.youtube.com/watch?v=kFYgLjdSkXE
  - Lesson: toeic_lesson_59_4
    Old URL: https://example.com/videos/toeic_toeic_speaking_59_4.mp4
    New URL: https://www.youtube.com/watch?v=kFYgLjdSkXE
  - Lesson: toeic_lesson_59_5
    Old URL: https://example.com/videos/toeic_toeic_speaking_59_5.mp4
    New URL: https://www.youtube.com/watch?v=kFYgLjdSkXE
  - Lesson: toeic_lesson_59_6
    Old URL: https://example.com/videos/toeic_toeic_speaking_59_6.mp4
    New URL: https://www.youtube.com/watch?v=kFYgLjdSkXE
  - Lesson: toeic_lesson_59_7
    Old URL: https://example.com/videos/toeic_toeic_speaking_59_7.mp4
    New URL: https://www.youtube.com/watch?v=kFYgLjdSkXE
  - Lesson: toeic_lesson_59_8
    Old URL: https://example.com/videos/toeic_toeic_speaking_59_8.mp4
    New URL: https://www.youtube.com/watch?v=kFYgLjdSkXE
  - Lesson: toeic_lesson_59_9
    Old URL: https://example.com/videos/toeic_toeic_speaking_59_9.mp4
    New URL: https://www.youtube.com/watch?v=kFYgLjdSkXE
Course: toeic6 - TOEIC Intermediate: Business Presentations
  - Lesson: toeic_lesson_6_1
    Old URL: https://example.com/videos/toeic_toeic_part_5-6_6_1.mp4
    New URL: https://www.youtube.com/watch?v=kFYgLjdSkXE
  - Lesson: toeic_lesson_6_2
    Old URL: https://example.com/videos/toeic_toeic_part_5-6_6_2.mp4
    New URL: https://www.youtube.com/watch?v=kFYgLjdSkXE
  - Lesson: toeic_lesson_6_3
    Old URL: https://example.com/videos/toeic_toeic_part_5-6_6_3.mp4
    New URL: https://www.youtube.com/watch?v=kFYgLjdSkXE
  - Lesson: toeic_lesson_6_4
    Old URL: https://example.com/videos/toeic_toeic_part_5-6_6_4.mp4
    New URL: https://www.youtube.com/watch?v=kFYgLjdSkXE
  - Lesson: toeic_lesson_6_5
    Old URL: https://example.com/videos/toeic_toeic_part_5-6_6_5.mp4
    New URL: https://www.youtube.com/watch?v=kFYgLjdSkXE
  - Lesson: toeic_lesson_6_6
    Old URL: https://example.com/videos/toeic_toeic_part_5-6_6_6.mp4
    New URL: https://www.youtube.com/watch?v=kFYgLjdSkXE
  - Lesson: toeic_lesson_6_7
    Old URL: https://example.com/videos/toeic_toeic_part_5-6_6_7.mp4
    New URL: https://www.youtube.com/watch?v=kFYgLjdSkXE
  - Lesson: toeic_lesson_6_8
    Old URL: https://example.com/videos/toeic_toeic_part_5-6_6_8.mp4
    New URL: https://www.youtube.com/watch?v=kFYgLjdSkXE
  - Lesson: toeic_lesson_6_9
    Old URL: https://example.com/videos/toeic_toeic_part_5-6_6_9.mp4
    New URL: https://www.youtube.com/watch?v=kFYgLjdSkXE
Course: toeic60 - TOEIC Beginner: Global Business
  - Lesson: toeic_lesson_60_1
    Old URL: https://example.com/videos/toeic_toeic_writing_60_1.mp4
    New URL: https://www.youtube.com/watch?v=kFYgLjdSkXE
  - Lesson: toeic_lesson_60_2
    Old URL: https://example.com/videos/toeic_toeic_writing_60_2.mp4
    New URL: https://www.youtube.com/watch?v=kFYgLjdSkXE
  - Lesson: toeic_lesson_60_3
    Old URL: https://example.com/videos/toeic_toeic_writing_60_3.mp4
    New URL: https://www.youtube.com/watch?v=kFYgLjdSkXE
  - Lesson: toeic_lesson_60_4
    Old URL: https://example.com/videos/toeic_toeic_writing_60_4.mp4
    New URL: https://www.youtube.com/watch?v=kFYgLjdSkXE
  - Lesson: toeic_lesson_60_5
    Old URL: https://example.com/videos/toeic_toeic_writing_60_5.mp4
    New URL: https://www.youtube.com/watch?v=kFYgLjdSkXE
Course: toeic61 - TOEIC Advanced: Quality Management
  - Lesson: toeic_lesson_61_1
    Old URL: https://example.com/videos/toeic_toeic_vocabulary_61_1.mp4
    New URL: https://www.youtube.com/watch?v=kFYgLjdSkXE
  - Lesson: toeic_lesson_61_2
    Old URL: https://example.com/videos/toeic_toeic_vocabulary_61_2.mp4
    New URL: https://www.youtube.com/watch?v=kFYgLjdSkXE
  - Lesson: toeic_lesson_61_3
    Old URL: https://example.com/videos/toeic_toeic_vocabulary_61_3.mp4
    New URL: https://www.youtube.com/watch?v=kFYgLjdSkXE
  - Lesson: toeic_lesson_61_4
    Old URL: https://example.com/videos/toeic_toeic_vocabulary_61_4.mp4
    New URL: https://www.youtube.com/watch?v=kFYgLjdSkXE
  - Lesson: toeic_lesson_61_5
    Old URL: https://example.com/videos/toeic_toeic_vocabulary_61_5.mp4
    New URL: https://www.youtube.com/watch?v=kFYgLjdSkXE
  - Lesson: toeic_lesson_61_6
    Old URL: https://example.com/videos/toeic_toeic_vocabulary_61_6.mp4
    New URL: https://www.youtube.com/watch?v=kFYgLjdSkXE
Course: toeic62 - TOEIC Advanced: Business Ethics
  - Lesson: toeic_lesson_62_1
    Old URL: https://example.com/videos/toeic_toeic_part_7_62_1.mp4
    New URL: https://www.youtube.com/watch?v=kFYgLjdSkXE
  - Lesson: toeic_lesson_62_2
    Old URL: https://example.com/videos/toeic_toeic_part_7_62_2.mp4
    New URL: https://www.youtube.com/watch?v=kFYgLjdSkXE
  - Lesson: toeic_lesson_62_3
    Old URL: https://example.com/videos/toeic_toeic_part_7_62_3.mp4
    New URL: https://www.youtube.com/watch?v=kFYgLjdSkXE
  - Lesson: toeic_lesson_62_4
    Old URL: https://example.com/videos/toeic_toeic_part_7_62_4.mp4
    New URL: https://www.youtube.com/watch?v=kFYgLjdSkXE
  - Lesson: toeic_lesson_62_5
    Old URL: https://example.com/videos/toeic_toeic_part_7_62_5.mp4
    New URL: https://www.youtube.com/watch?v=kFYgLjdSkXE
  - Lesson: toeic_lesson_62_6
    Old URL: https://example.com/videos/toeic_toeic_part_7_62_6.mp4
    New URL: https://www.youtube.com/watch?v=kFYgLjdSkXE
  - Lesson: toeic_lesson_62_7
    Old URL: https://example.com/videos/toeic_toeic_part_7_62_7.mp4
    New URL: https://www.youtube.com/watch?v=kFYgLjdSkXE
  - Lesson: toeic_lesson_62_8
    Old URL: https://example.com/videos/toeic_toeic_part_7_62_8.mp4
    New URL: https://www.youtube.com/watch?v=kFYgLjdSkXE
Course: toeic63 - TOEIC Intermediate: Email Writing
  - Lesson: toeic_lesson_63_1
    Old URL: https://example.com/videos/toeic_toeic_vocabulary_63_1.mp4
    New URL: https://www.youtube.com/watch?v=kFYgLjdSkXE
  - Lesson: toeic_lesson_63_10
    Old URL: https://example.com/videos/toeic_toeic_vocabulary_63_10.mp4
    New URL: https://www.youtube.com/watch?v=kFYgLjdSkXE
  - Lesson: toeic_lesson_63_11
    Old URL: https://example.com/videos/toeic_toeic_vocabulary_63_11.mp4
    New URL: https://www.youtube.com/watch?v=kFYgLjdSkXE
  - Lesson: toeic_lesson_63_12
    Old URL: https://example.com/videos/toeic_toeic_vocabulary_63_12.mp4
    New URL: https://www.youtube.com/watch?v=kFYgLjdSkXE
  - Lesson: toeic_lesson_63_2
    Old URL: https://example.com/videos/toeic_toeic_vocabulary_63_2.mp4
    New URL: https://www.youtube.com/watch?v=kFYgLjdSkXE
  - Lesson: toeic_lesson_63_3
    Old URL: https://example.com/videos/toeic_toeic_vocabulary_63_3.mp4
    New URL: https://www.youtube.com/watch?v=kFYgLjdSkXE
  - Lesson: toeic_lesson_63_4
    Old URL: https://example.com/videos/toeic_toeic_vocabulary_63_4.mp4
    New URL: https://www.youtube.com/watch?v=kFYgLjdSkXE
  - Lesson: toeic_lesson_63_5
    Old URL: https://example.com/videos/toeic_toeic_vocabulary_63_5.mp4
    New URL: https://www.youtube.com/watch?v=kFYgLjdSkXE
  - Lesson: toeic_lesson_63_6
    Old URL: https://example.com/videos/toeic_toeic_vocabulary_63_6.mp4
    New URL: https://www.youtube.com/watch?v=kFYgLjdSkXE
  - Lesson: toeic_lesson_63_7
    Old URL: https://example.com/videos/toeic_toeic_vocabulary_63_7.mp4
    New URL: https://www.youtube.com/watch?v=kFYgLjdSkXE
  - Lesson: toeic_lesson_63_8
    Old URL: https://example.com/videos/toeic_toeic_vocabulary_63_8.mp4
    New URL: https://www.youtube.com/watch?v=kFYgLjdSkXE
  - Lesson: toeic_lesson_63_9
    Old URL: https://example.com/videos/toeic_toeic_vocabulary_63_9.mp4
    New URL: https://www.youtube.com/watch?v=kFYgLjdSkXE
Course: toeic64 - TOEIC Beginner: Quality Management
  - Lesson: toeic_lesson_64_1
    Old URL: https://example.com/videos/toeic_toeic_grammar_64_1.mp4
    New URL: https://www.youtube.com/watch?v=kFYgLjdSkXE
  - Lesson: toeic_lesson_64_10
    Old URL: https://example.com/videos/toeic_toeic_grammar_64_10.mp4
    New URL: https://www.youtube.com/watch?v=kFYgLjdSkXE
  - Lesson: toeic_lesson_64_2
    Old URL: https://example.com/videos/toeic_toeic_grammar_64_2.mp4
    New URL: https://www.youtube.com/watch?v=kFYgLjdSkXE
  - Lesson: toeic_lesson_64_3
    Old URL: https://example.com/videos/toeic_toeic_grammar_64_3.mp4
    New URL: https://www.youtube.com/watch?v=kFYgLjdSkXE
  - Lesson: toeic_lesson_64_4
    Old URL: https://example.com/videos/toeic_toeic_grammar_64_4.mp4
    New URL: https://www.youtube.com/watch?v=kFYgLjdSkXE
  - Lesson: toeic_lesson_64_5
    Old URL: https://example.com/videos/toeic_toeic_grammar_64_5.mp4
    New URL: https://www.youtube.com/watch?v=kFYgLjdSkXE
  - Lesson: toeic_lesson_64_6
    Old URL: https://example.com/videos/toeic_toeic_grammar_64_6.mp4
    New URL: https://www.youtube.com/watch?v=kFYgLjdSkXE
  - Lesson: toeic_lesson_64_7
    Old URL: https://example.com/videos/toeic_toeic_grammar_64_7.mp4
    New URL: https://www.youtube.com/watch?v=kFYgLjdSkXE
  - Lesson: toeic_lesson_64_8
    Old URL: https://example.com/videos/toeic_toeic_grammar_64_8.mp4
    New URL: https://www.youtube.com/watch?v=kFYgLjdSkXE
  - Lesson: toeic_lesson_64_9
    Old URL: https://example.com/videos/toeic_toeic_grammar_64_9.mp4
    New URL: https://www.youtube.com/watch?v=kFYgLjdSkXE
Course: toeic65 - TOEIC Advanced: Negotiations
  - Lesson: toeic_lesson_65_1
    Old URL: https://example.com/videos/toeic_toeic_part_5-6_65_1.mp4
    New URL: https://www.youtube.com/watch?v=kFYgLjdSkXE
  - Lesson: toeic_lesson_65_2
    Old URL: https://example.com/videos/toeic_toeic_part_5-6_65_2.mp4
    New URL: https://www.youtube.com/watch?v=kFYgLjdSkXE
  - Lesson: toeic_lesson_65_3
    Old URL: https://example.com/videos/toeic_toeic_part_5-6_65_3.mp4
    New URL: https://www.youtube.com/watch?v=kFYgLjdSkXE
  - Lesson: toeic_lesson_65_4
    Old URL: https://example.com/videos/toeic_toeic_part_5-6_65_4.mp4
    New URL: https://www.youtube.com/watch?v=kFYgLjdSkXE
  - Lesson: toeic_lesson_65_5
    Old URL: https://example.com/videos/toeic_toeic_part_5-6_65_5.mp4
    New URL: https://www.youtube.com/watch?v=kFYgLjdSkXE
  - Lesson: toeic_lesson_65_6
    Old URL: https://example.com/videos/toeic_toeic_part_5-6_65_6.mp4
    New URL: https://www.youtube.com/watch?v=kFYgLjdSkXE
  - Lesson: toeic_lesson_65_7
    Old URL: https://example.com/videos/toeic_toeic_part_5-6_65_7.mp4
    New URL: https://www.youtube.com/watch?v=kFYgLjdSkXE
  - Lesson: toeic_lesson_65_8
    Old URL: https://example.com/videos/toeic_toeic_part_5-6_65_8.mp4
    New URL: https://www.youtube.com/watch?v=kFYgLjdSkXE
  - Lesson: toeic_lesson_65_9
    Old URL: https://example.com/videos/toeic_toeic_part_5-6_65_9.mp4
    New URL: https://www.youtube.com/watch?v=kFYgLjdSkXE
Course: toeic66 - TOEIC Intermediate: Company Structures
  - Lesson: toeic_lesson_66_1
    Old URL: https://example.com/videos/toeic_toeic_part_1-2_66_1.mp4
    New URL: https://www.youtube.com/watch?v=kFYgLjdSkXE
  - Lesson: toeic_lesson_66_2
    Old URL: https://example.com/videos/toeic_toeic_part_1-2_66_2.mp4
    New URL: https://www.youtube.com/watch?v=kFYgLjdSkXE
  - Lesson: toeic_lesson_66_3
    Old URL: https://example.com/videos/toeic_toeic_part_1-2_66_3.mp4
    New URL: https://www.youtube.com/watch?v=kFYgLjdSkXE
  - Lesson: toeic_lesson_66_4
    Old URL: https://example.com/videos/toeic_toeic_part_1-2_66_4.mp4
    New URL: https://www.youtube.com/watch?v=kFYgLjdSkXE
  - Lesson: toeic_lesson_66_5
    Old URL: https://example.com/videos/toeic_toeic_part_1-2_66_5.mp4
    New URL: https://www.youtube.com/watch?v=kFYgLjdSkXE
  - Lesson: toeic_lesson_66_6
    Old URL: https://example.com/videos/toeic_toeic_part_1-2_66_6.mp4
    New URL: https://www.youtube.com/watch?v=kFYgLjdSkXE
  - Lesson: toeic_lesson_66_7
    Old URL: https://example.com/videos/toeic_toeic_part_1-2_66_7.mp4
    New URL: https://www.youtube.com/watch?v=kFYgLjdSkXE
  - Lesson: toeic_lesson_66_8
    Old URL: https://example.com/videos/toeic_toeic_part_1-2_66_8.mp4
    New URL: https://www.youtube.com/watch?v=kFYgLjdSkXE
Course: toeic67 - TOEIC Advanced: Customer Service
  - Lesson: toeic_lesson_67_1
    Old URL: https://example.com/videos/toeic_toeic_test_preparation_67_1.mp4
    New URL: https://www.youtube.com/watch?v=kFYgLjdSkXE
  - Lesson: toeic_lesson_67_10
    Old URL: https://example.com/videos/toeic_toeic_test_preparation_67_10.mp4
    New URL: https://www.youtube.com/watch?v=kFYgLjdSkXE
  - Lesson: toeic_lesson_67_11
    Old URL: https://example.com/videos/toeic_toeic_test_preparation_67_11.mp4
    New URL: https://www.youtube.com/watch?v=kFYgLjdSkXE
  - Lesson: toeic_lesson_67_2
    Old URL: https://example.com/videos/toeic_toeic_test_preparation_67_2.mp4
    New URL: https://www.youtube.com/watch?v=kFYgLjdSkXE
  - Lesson: toeic_lesson_67_3
    Old URL: https://example.com/videos/toeic_toeic_test_preparation_67_3.mp4
    New URL: https://www.youtube.com/watch?v=kFYgLjdSkXE
  - Lesson: toeic_lesson_67_4
    Old URL: https://example.com/videos/toeic_toeic_test_preparation_67_4.mp4
    New URL: https://www.youtube.com/watch?v=kFYgLjdSkXE
  - Lesson: toeic_lesson_67_5
    Old URL: https://example.com/videos/toeic_toeic_test_preparation_67_5.mp4
    New URL: https://www.youtube.com/watch?v=kFYgLjdSkXE
  - Lesson: toeic_lesson_67_6
    Old URL: https://example.com/videos/toeic_toeic_test_preparation_67_6.mp4
    New URL: https://www.youtube.com/watch?v=kFYgLjdSkXE
  - Lesson: toeic_lesson_67_7
    Old URL: https://example.com/videos/toeic_toeic_test_preparation_67_7.mp4
    New URL: https://www.youtube.com/watch?v=kFYgLjdSkXE
  - Lesson: toeic_lesson_67_8
    Old URL: https://example.com/videos/toeic_toeic_test_preparation_67_8.mp4
    New URL: https://www.youtube.com/watch?v=kFYgLjdSkXE
  - Lesson: toeic_lesson_67_9
    Old URL: https://example.com/videos/toeic_toeic_test_preparation_67_9.mp4
    New URL: https://www.youtube.com/watch?v=kFYgLjdSkXE
Course: toeic68 - TOEIC Beginner: Telephone Conversations
  - Lesson: toeic_lesson_68_1
    Old URL: https://example.com/videos/toeic_toeic_test_preparation_68_1.mp4
    New URL: https://www.youtube.com/watch?v=kFYgLjdSkXE
  - Lesson: toeic_lesson_68_10
    Old URL: https://example.com/videos/toeic_toeic_test_preparation_68_10.mp4
    New URL: https://www.youtube.com/watch?v=kFYgLjdSkXE
  - Lesson: toeic_lesson_68_11
    Old URL: https://example.com/videos/toeic_toeic_test_preparation_68_11.mp4
    New URL: https://www.youtube.com/watch?v=kFYgLjdSkXE
  - Lesson: toeic_lesson_68_12
    Old URL: https://example.com/videos/toeic_toeic_test_preparation_68_12.mp4
    New URL: https://www.youtube.com/watch?v=kFYgLjdSkXE
  - Lesson: toeic_lesson_68_2
    Old URL: https://example.com/videos/toeic_toeic_test_preparation_68_2.mp4
    New URL: https://www.youtube.com/watch?v=kFYgLjdSkXE
  - Lesson: toeic_lesson_68_3
    Old URL: https://example.com/videos/toeic_toeic_test_preparation_68_3.mp4
    New URL: https://www.youtube.com/watch?v=kFYgLjdSkXE
  - Lesson: toeic_lesson_68_4
    Old URL: https://example.com/videos/toeic_toeic_test_preparation_68_4.mp4
    New URL: https://www.youtube.com/watch?v=kFYgLjdSkXE
  - Lesson: toeic_lesson_68_5
    Old URL: https://example.com/videos/toeic_toeic_test_preparation_68_5.mp4
    New URL: https://www.youtube.com/watch?v=kFYgLjdSkXE
  - Lesson: toeic_lesson_68_6
    Old URL: https://example.com/videos/toeic_toeic_test_preparation_68_6.mp4
    New URL: https://www.youtube.com/watch?v=kFYgLjdSkXE
  - Lesson: toeic_lesson_68_7
    Old URL: https://example.com/videos/toeic_toeic_test_preparation_68_7.mp4
    New URL: https://www.youtube.com/watch?v=kFYgLjdSkXE
  - Lesson: toeic_lesson_68_8
    Old URL: https://example.com/videos/toeic_toeic_test_preparation_68_8.mp4
    New URL: https://www.youtube.com/watch?v=kFYgLjdSkXE
  - Lesson: toeic_lesson_68_9
    Old URL: https://example.com/videos/toeic_toeic_test_preparation_68_9.mp4
    New URL: https://www.youtube.com/watch?v=kFYgLjdSkXE
Course: toeic69 - TOEIC Beginner: Problem Solving
  - Lesson: toeic_lesson_69_1
    Old URL: https://example.com/videos/toeic_toeic_vocabulary_69_1.mp4
    New URL: https://www.youtube.com/watch?v=kFYgLjdSkXE
  - Lesson: toeic_lesson_69_2
    Old URL: https://example.com/videos/toeic_toeic_vocabulary_69_2.mp4
    New URL: https://www.youtube.com/watch?v=kFYgLjdSkXE
  - Lesson: toeic_lesson_69_3
    Old URL: https://example.com/videos/toeic_toeic_vocabulary_69_3.mp4
    New URL: https://www.youtube.com/watch?v=kFYgLjdSkXE
  - Lesson: toeic_lesson_69_4
    Old URL: https://example.com/videos/toeic_toeic_vocabulary_69_4.mp4
    New URL: https://www.youtube.com/watch?v=kFYgLjdSkXE
  - Lesson: toeic_lesson_69_5
    Old URL: https://example.com/videos/toeic_toeic_vocabulary_69_5.mp4
    New URL: https://www.youtube.com/watch?v=kFYgLjdSkXE
Course: toeic7 - TOEIC Advanced: Technology in Business
  - Lesson: toeic_lesson_7_1
    Old URL: https://example.com/videos/toeic_business_toeic_7_1.mp4
    New URL: https://www.youtube.com/watch?v=kFYgLjdSkXE
  - Lesson: toeic_lesson_7_10
    Old URL: https://example.com/videos/toeic_business_toeic_7_10.mp4
    New URL: https://www.youtube.com/watch?v=kFYgLjdSkXE
  - Lesson: toeic_lesson_7_11
    Old URL: https://example.com/videos/toeic_business_toeic_7_11.mp4
    New URL: https://www.youtube.com/watch?v=kFYgLjdSkXE
  - Lesson: toeic_lesson_7_12
    Old URL: https://example.com/videos/toeic_business_toeic_7_12.mp4
    New URL: https://www.youtube.com/watch?v=kFYgLjdSkXE
  - Lesson: toeic_lesson_7_2
    Old URL: https://example.com/videos/toeic_business_toeic_7_2.mp4
    New URL: https://www.youtube.com/watch?v=kFYgLjdSkXE
  - Lesson: toeic_lesson_7_3
    Old URL: https://example.com/videos/toeic_business_toeic_7_3.mp4
    New URL: https://www.youtube.com/watch?v=kFYgLjdSkXE
  - Lesson: toeic_lesson_7_4
    Old URL: https://example.com/videos/toeic_business_toeic_7_4.mp4
    New URL: https://www.youtube.com/watch?v=kFYgLjdSkXE
  - Lesson: toeic_lesson_7_5
    Old URL: https://example.com/videos/toeic_business_toeic_7_5.mp4
    New URL: https://www.youtube.com/watch?v=kFYgLjdSkXE
  - Lesson: toeic_lesson_7_6
    Old URL: https://example.com/videos/toeic_business_toeic_7_6.mp4
    New URL: https://www.youtube.com/watch?v=kFYgLjdSkXE
  - Lesson: toeic_lesson_7_7
    Old URL: https://example.com/videos/toeic_business_toeic_7_7.mp4
    New URL: https://www.youtube.com/watch?v=kFYgLjdSkXE
  - Lesson: toeic_lesson_7_8
    Old URL: https://example.com/videos/toeic_business_toeic_7_8.mp4
    New URL: https://www.youtube.com/watch?v=kFYgLjdSkXE
  - Lesson: toeic_lesson_7_9
    Old URL: https://example.com/videos/toeic_business_toeic_7_9.mp4
    New URL: https://www.youtube.com/watch?v=kFYgLjdSkXE
Course: toeic70 - TOEIC Beginner: Business Presentations
  - Lesson: toeic_lesson_70_1
    Old URL: https://example.com/videos/toeic_business_toeic_70_1.mp4
    New URL: https://www.youtube.com/watch?v=kFYgLjdSkXE
  - Lesson: toeic_lesson_70_2
    Old URL: https://example.com/videos/toeic_business_toeic_70_2.mp4
    New URL: https://www.youtube.com/watch?v=kFYgLjdSkXE
  - Lesson: toeic_lesson_70_3
    Old URL: https://example.com/videos/toeic_business_toeic_70_3.mp4
    New URL: https://www.youtube.com/watch?v=kFYgLjdSkXE
Course: toeic71 - TOEIC Beginner: Business Ethics
  - Lesson: toeic_lesson_71_1
    Old URL: https://example.com/videos/toeic_toeic_part_1-2_71_1.mp4
    New URL: https://www.youtube.com/watch?v=kFYgLjdSkXE
  - Lesson: toeic_lesson_71_2
    Old URL: https://example.com/videos/toeic_toeic_part_1-2_71_2.mp4
    New URL: https://www.youtube.com/watch?v=kFYgLjdSkXE
  - Lesson: toeic_lesson_71_3
    Old URL: https://example.com/videos/toeic_toeic_part_1-2_71_3.mp4
    New URL: https://www.youtube.com/watch?v=kFYgLjdSkXE
  - Lesson: toeic_lesson_71_4
    Old URL: https://example.com/videos/toeic_toeic_part_1-2_71_4.mp4
    New URL: https://www.youtube.com/watch?v=kFYgLjdSkXE
  - Lesson: toeic_lesson_71_5
    Old URL: https://example.com/videos/toeic_toeic_part_1-2_71_5.mp4
    New URL: https://www.youtube.com/watch?v=kFYgLjdSkXE
  - Lesson: toeic_lesson_71_6
    Old URL: https://example.com/videos/toeic_toeic_part_1-2_71_6.mp4
    New URL: https://www.youtube.com/watch?v=kFYgLjdSkXE
  - Lesson: toeic_lesson_71_7
    Old URL: https://example.com/videos/toeic_toeic_part_1-2_71_7.mp4
    New URL: https://www.youtube.com/watch?v=kFYgLjdSkXE
  - Lesson: toeic_lesson_71_8
    Old URL: https://example.com/videos/toeic_toeic_part_1-2_71_8.mp4
    New URL: https://www.youtube.com/watch?v=kFYgLjdSkXE
  - Lesson: toeic_lesson_71_9
    Old URL: https://example.com/videos/toeic_toeic_part_1-2_71_9.mp4
    New URL: https://www.youtube.com/watch?v=kFYgLjdSkXE
Course: toeic72 - TOEIC Intermediate: Job Interviews
  - Lesson: toeic_lesson_72_1
    Old URL: https://example.com/videos/toeic_toeic_vocabulary_72_1.mp4
    New URL: https://www.youtube.com/watch?v=kFYgLjdSkXE
  - Lesson: toeic_lesson_72_2
    Old URL: https://example.com/videos/toeic_toeic_vocabulary_72_2.mp4
    New URL: https://www.youtube.com/watch?v=kFYgLjdSkXE
  - Lesson: toeic_lesson_72_3
    Old URL: https://example.com/videos/toeic_toeic_vocabulary_72_3.mp4
    New URL: https://www.youtube.com/watch?v=kFYgLjdSkXE
  - Lesson: toeic_lesson_72_4
    Old URL: https://example.com/videos/toeic_toeic_vocabulary_72_4.mp4
    New URL: https://www.youtube.com/watch?v=kFYgLjdSkXE
  - Lesson: toeic_lesson_72_5
    Old URL: https://example.com/videos/toeic_toeic_vocabulary_72_5.mp4
    New URL: https://www.youtube.com/watch?v=kFYgLjdSkXE
  - Lesson: toeic_lesson_72_6
    Old URL: https://example.com/videos/toeic_toeic_vocabulary_72_6.mp4
    New URL: https://www.youtube.com/watch?v=kFYgLjdSkXE
  - Lesson: toeic_lesson_72_7
    Old URL: https://example.com/videos/toeic_toeic_vocabulary_72_7.mp4
    New URL: https://www.youtube.com/watch?v=kFYgLjdSkXE
Course: toeic73 - TOEIC Intermediate: Product Descriptions
  - Lesson: toeic_lesson_73_1
    Old URL: https://example.com/videos/toeic_toeic_listening_73_1.mp4
    New URL: https://www.youtube.com/watch?v=kFYgLjdSkXE
  - Lesson: toeic_lesson_73_10
    Old URL: https://example.com/videos/toeic_toeic_listening_73_10.mp4
    New URL: https://www.youtube.com/watch?v=kFYgLjdSkXE
  - Lesson: toeic_lesson_73_2
    Old URL: https://example.com/videos/toeic_toeic_listening_73_2.mp4
    New URL: https://www.youtube.com/watch?v=kFYgLjdSkXE
  - Lesson: toeic_lesson_73_3
    Old URL: https://example.com/videos/toeic_toeic_listening_73_3.mp4
    New URL: https://www.youtube.com/watch?v=kFYgLjdSkXE
  - Lesson: toeic_lesson_73_4
    Old URL: https://example.com/videos/toeic_toeic_listening_73_4.mp4
    New URL: https://www.youtube.com/watch?v=kFYgLjdSkXE
  - Lesson: toeic_lesson_73_5
    Old URL: https://example.com/videos/toeic_toeic_listening_73_5.mp4
    New URL: https://www.youtube.com/watch?v=kFYgLjdSkXE
  - Lesson: toeic_lesson_73_6
    Old URL: https://example.com/videos/toeic_toeic_listening_73_6.mp4
    New URL: https://www.youtube.com/watch?v=kFYgLjdSkXE
  - Lesson: toeic_lesson_73_7
    Old URL: https://example.com/videos/toeic_toeic_listening_73_7.mp4
    New URL: https://www.youtube.com/watch?v=kFYgLjdSkXE
  - Lesson: toeic_lesson_73_8
    Old URL: https://example.com/videos/toeic_toeic_listening_73_8.mp4
    New URL: https://www.youtube.com/watch?v=kFYgLjdSkXE
  - Lesson: toeic_lesson_73_9
    Old URL: https://example.com/videos/toeic_toeic_listening_73_9.mp4
    New URL: https://www.youtube.com/watch?v=kFYgLjdSkXE
Course: toeic74 - TOEIC Advanced: Customer Service
  - Lesson: toeic_lesson_74_1
    Old URL: https://example.com/videos/toeic_toeic_part_1-2_74_1.mp4
    New URL: https://www.youtube.com/watch?v=kFYgLjdSkXE
  - Lesson: toeic_lesson_74_10
    Old URL: https://example.com/videos/toeic_toeic_part_1-2_74_10.mp4
    New URL: https://www.youtube.com/watch?v=kFYgLjdSkXE
  - Lesson: toeic_lesson_74_2
    Old URL: https://example.com/videos/toeic_toeic_part_1-2_74_2.mp4
    New URL: https://www.youtube.com/watch?v=kFYgLjdSkXE
  - Lesson: toeic_lesson_74_3
    Old URL: https://example.com/videos/toeic_toeic_part_1-2_74_3.mp4
    New URL: https://www.youtube.com/watch?v=kFYgLjdSkXE
  - Lesson: toeic_lesson_74_4
    Old URL: https://example.com/videos/toeic_toeic_part_1-2_74_4.mp4
    New URL: https://www.youtube.com/watch?v=kFYgLjdSkXE
  - Lesson: toeic_lesson_74_5
    Old URL: https://example.com/videos/toeic_toeic_part_1-2_74_5.mp4
    New URL: https://www.youtube.com/watch?v=kFYgLjdSkXE
  - Lesson: toeic_lesson_74_6
    Old URL: https://example.com/videos/toeic_toeic_part_1-2_74_6.mp4
    New URL: https://www.youtube.com/watch?v=kFYgLjdSkXE
  - Lesson: toeic_lesson_74_7
    Old URL: https://example.com/videos/toeic_toeic_part_1-2_74_7.mp4
    New URL: https://www.youtube.com/watch?v=kFYgLjdSkXE
  - Lesson: toeic_lesson_74_8
    Old URL: https://example.com/videos/toeic_toeic_part_1-2_74_8.mp4
    New URL: https://www.youtube.com/watch?v=kFYgLjdSkXE
  - Lesson: toeic_lesson_74_9
    Old URL: https://example.com/videos/toeic_toeic_part_1-2_74_9.mp4
    New URL: https://www.youtube.com/watch?v=kFYgLjdSkXE
Course: toeic75 - TOEIC Intermediate: Finance Vocabulary
  - Lesson: toeic_lesson_75_1
    Old URL: https://example.com/videos/toeic_toeic_part_1-2_75_1.mp4
    New URL: https://www.youtube.com/watch?v=kFYgLjdSkXE
  - Lesson: toeic_lesson_75_2
    Old URL: https://example.com/videos/toeic_toeic_part_1-2_75_2.mp4
    New URL: https://www.youtube.com/watch?v=kFYgLjdSkXE
  - Lesson: toeic_lesson_75_3
    Old URL: https://example.com/videos/toeic_toeic_part_1-2_75_3.mp4
    New URL: https://www.youtube.com/watch?v=kFYgLjdSkXE
  - Lesson: toeic_lesson_75_4
    Old URL: https://example.com/videos/toeic_toeic_part_1-2_75_4.mp4
    New URL: https://www.youtube.com/watch?v=kFYgLjdSkXE
  - Lesson: toeic_lesson_75_5
    Old URL: https://example.com/videos/toeic_toeic_part_1-2_75_5.mp4
    New URL: https://www.youtube.com/watch?v=kFYgLjdSkXE
  - Lesson: toeic_lesson_75_6
    Old URL: https://example.com/videos/toeic_toeic_part_1-2_75_6.mp4
    New URL: https://www.youtube.com/watch?v=kFYgLjdSkXE
  - Lesson: toeic_lesson_75_7
    Old URL: https://example.com/videos/toeic_toeic_part_1-2_75_7.mp4
    New URL: https://www.youtube.com/watch?v=kFYgLjdSkXE
  - Lesson: toeic_lesson_75_8
    Old URL: https://example.com/videos/toeic_toeic_part_1-2_75_8.mp4
    New URL: https://www.youtube.com/watch?v=kFYgLjdSkXE
  - Lesson: toeic_lesson_75_9
    Old URL: https://example.com/videos/toeic_toeic_part_1-2_75_9.mp4
    New URL: https://www.youtube.com/watch?v=kFYgLjdSkXE
Course: toeic76 - TOEIC Beginner: Finance Vocabulary
  - Lesson: toeic_lesson_76_1
    Old URL: https://example.com/videos/toeic_toeic_reading_76_1.mp4
    New URL: https://www.youtube.com/watch?v=kFYgLjdSkXE
  - Lesson: toeic_lesson_76_2
    Old URL: https://example.com/videos/toeic_toeic_reading_76_2.mp4
    New URL: https://www.youtube.com/watch?v=kFYgLjdSkXE
  - Lesson: toeic_lesson_76_3
    Old URL: https://example.com/videos/toeic_toeic_reading_76_3.mp4
    New URL: https://www.youtube.com/watch?v=kFYgLjdSkXE
  - Lesson: toeic_lesson_76_4
    Old URL: https://example.com/videos/toeic_toeic_reading_76_4.mp4
    New URL: https://www.youtube.com/watch?v=kFYgLjdSkXE
  - Lesson: toeic_lesson_76_5
    Old URL: https://example.com/videos/toeic_toeic_reading_76_5.mp4
    New URL: https://www.youtube.com/watch?v=kFYgLjdSkXE
  - Lesson: toeic_lesson_76_6
    Old URL: https://example.com/videos/toeic_toeic_reading_76_6.mp4
    New URL: https://www.youtube.com/watch?v=kFYgLjdSkXE
Course: toeic77 - TOEIC Advanced: Human Resources
  - Lesson: toeic_lesson_77_1
    Old URL: https://example.com/videos/toeic_toeic_part_3-4_77_1.mp4
    New URL: https://www.youtube.com/watch?v=kFYgLjdSkXE
  - Lesson: toeic_lesson_77_10
    Old URL: https://example.com/videos/toeic_toeic_part_3-4_77_10.mp4
    New URL: https://www.youtube.com/watch?v=kFYgLjdSkXE
  - Lesson: toeic_lesson_77_11
    Old URL: https://example.com/videos/toeic_toeic_part_3-4_77_11.mp4
    New URL: https://www.youtube.com/watch?v=kFYgLjdSkXE
  - Lesson: toeic_lesson_77_12
    Old URL: https://example.com/videos/toeic_toeic_part_3-4_77_12.mp4
    New URL: https://www.youtube.com/watch?v=kFYgLjdSkXE
  - Lesson: toeic_lesson_77_2
    Old URL: https://example.com/videos/toeic_toeic_part_3-4_77_2.mp4
    New URL: https://www.youtube.com/watch?v=kFYgLjdSkXE
  - Lesson: toeic_lesson_77_3
    Old URL: https://example.com/videos/toeic_toeic_part_3-4_77_3.mp4
    New URL: https://www.youtube.com/watch?v=kFYgLjdSkXE
  - Lesson: toeic_lesson_77_4
    Old URL: https://example.com/videos/toeic_toeic_part_3-4_77_4.mp4
    New URL: https://www.youtube.com/watch?v=kFYgLjdSkXE
  - Lesson: toeic_lesson_77_5
    Old URL: https://example.com/videos/toeic_toeic_part_3-4_77_5.mp4
    New URL: https://www.youtube.com/watch?v=kFYgLjdSkXE
  - Lesson: toeic_lesson_77_6
    Old URL: https://example.com/videos/toeic_toeic_part_3-4_77_6.mp4
    New URL: https://www.youtube.com/watch?v=kFYgLjdSkXE
  - Lesson: toeic_lesson_77_7
    Old URL: https://example.com/videos/toeic_toeic_part_3-4_77_7.mp4
    New URL: https://www.youtube.com/watch?v=kFYgLjdSkXE
  - Lesson: toeic_lesson_77_8
    Old URL: https://example.com/videos/toeic_toeic_part_3-4_77_8.mp4
    New URL: https://www.youtube.com/watch?v=kFYgLjdSkXE
  - Lesson: toeic_lesson_77_9
    Old URL: https://example.com/videos/toeic_toeic_part_3-4_77_9.mp4
    New URL: https://www.youtube.com/watch?v=kFYgLjdSkXE
Course: toeic78 - TOEIC Advanced: Business Presentations
  - Lesson: toeic_lesson_78_1
    Old URL: https://example.com/videos/toeic_toeic_writing_78_1.mp4
    New URL: https://www.youtube.com/watch?v=kFYgLjdSkXE
  - Lesson: toeic_lesson_78_10
    Old URL: https://example.com/videos/toeic_toeic_writing_78_10.mp4
    New URL: https://www.youtube.com/watch?v=kFYgLjdSkXE
  - Lesson: toeic_lesson_78_11
    Old URL: https://example.com/videos/toeic_toeic_writing_78_11.mp4
    New URL: https://www.youtube.com/watch?v=kFYgLjdSkXE
  - Lesson: toeic_lesson_78_2
    Old URL: https://example.com/videos/toeic_toeic_writing_78_2.mp4
    New URL: https://www.youtube.com/watch?v=kFYgLjdSkXE
  - Lesson: toeic_lesson_78_3
    Old URL: https://example.com/videos/toeic_toeic_writing_78_3.mp4
    New URL: https://www.youtube.com/watch?v=kFYgLjdSkXE
  - Lesson: toeic_lesson_78_4
    Old URL: https://example.com/videos/toeic_toeic_writing_78_4.mp4
    New URL: https://www.youtube.com/watch?v=kFYgLjdSkXE
  - Lesson: toeic_lesson_78_5
    Old URL: https://example.com/videos/toeic_toeic_writing_78_5.mp4
    New URL: https://www.youtube.com/watch?v=kFYgLjdSkXE
  - Lesson: toeic_lesson_78_6
    Old URL: https://example.com/videos/toeic_toeic_writing_78_6.mp4
    New URL: https://www.youtube.com/watch?v=kFYgLjdSkXE
  - Lesson: toeic_lesson_78_7
    Old URL: https://example.com/videos/toeic_toeic_writing_78_7.mp4
    New URL: https://www.youtube.com/watch?v=kFYgLjdSkXE
  - Lesson: toeic_lesson_78_8
    Old URL: https://example.com/videos/toeic_toeic_writing_78_8.mp4
    New URL: https://www.youtube.com/watch?v=kFYgLjdSkXE
  - Lesson: toeic_lesson_78_9
    Old URL: https://example.com/videos/toeic_toeic_writing_78_9.mp4
    New URL: https://www.youtube.com/watch?v=kFYgLjdSkXE
Course: toeic79 - TOEIC Intermediate: Business Presentations
  - Lesson: toeic_lesson_79_1
    Old URL: https://example.com/videos/toeic_toeic_part_1-2_79_1.mp4
    New URL: https://www.youtube.com/watch?v=kFYgLjdSkXE
  - Lesson: toeic_lesson_79_10
    Old URL: https://example.com/videos/toeic_toeic_part_1-2_79_10.mp4
    New URL: https://www.youtube.com/watch?v=kFYgLjdSkXE
  - Lesson: toeic_lesson_79_2
    Old URL: https://example.com/videos/toeic_toeic_part_1-2_79_2.mp4
    New URL: https://www.youtube.com/watch?v=kFYgLjdSkXE
  - Lesson: toeic_lesson_79_3
    Old URL: https://example.com/videos/toeic_toeic_part_1-2_79_3.mp4
    New URL: https://www.youtube.com/watch?v=kFYgLjdSkXE
  - Lesson: toeic_lesson_79_4
    Old URL: https://example.com/videos/toeic_toeic_part_1-2_79_4.mp4
    New URL: https://www.youtube.com/watch?v=kFYgLjdSkXE
  - Lesson: toeic_lesson_79_5
    Old URL: https://example.com/videos/toeic_toeic_part_1-2_79_5.mp4
    New URL: https://www.youtube.com/watch?v=kFYgLjdSkXE
  - Lesson: toeic_lesson_79_6
    Old URL: https://example.com/videos/toeic_toeic_part_1-2_79_6.mp4
    New URL: https://www.youtube.com/watch?v=kFYgLjdSkXE
  - Lesson: toeic_lesson_79_7
    Old URL: https://example.com/videos/toeic_toeic_part_1-2_79_7.mp4
    New URL: https://www.youtube.com/watch?v=kFYgLjdSkXE
  - Lesson: toeic_lesson_79_8
    Old URL: https://example.com/videos/toeic_toeic_part_1-2_79_8.mp4
    New URL: https://www.youtube.com/watch?v=kFYgLjdSkXE
  - Lesson: toeic_lesson_79_9
    Old URL: https://example.com/videos/toeic_toeic_part_1-2_79_9.mp4
    New URL: https://www.youtube.com/watch?v=kFYgLjdSkXE
Course: toeic8 - TOEIC Intermediate: Finance Vocabulary
  - Lesson: toeic_lesson_8_1
    Old URL: https://example.com/videos/toeic_toeic_test_preparation_8_1.mp4
    New URL: https://www.youtube.com/watch?v=kFYgLjdSkXE
  - Lesson: toeic_lesson_8_2
    Old URL: https://example.com/videos/toeic_toeic_test_preparation_8_2.mp4
    New URL: https://www.youtube.com/watch?v=kFYgLjdSkXE
  - Lesson: toeic_lesson_8_3
    Old URL: https://example.com/videos/toeic_toeic_test_preparation_8_3.mp4
    New URL: https://www.youtube.com/watch?v=kFYgLjdSkXE
  - Lesson: toeic_lesson_8_4
    Old URL: https://example.com/videos/toeic_toeic_test_preparation_8_4.mp4
    New URL: https://www.youtube.com/watch?v=kFYgLjdSkXE
Course: toeic80 - TOEIC Beginner: Human Resources
  - Lesson: toeic_lesson_80_1
    Old URL: https://example.com/videos/toeic_toeic_grammar_80_1.mp4
    New URL: https://www.youtube.com/watch?v=kFYgLjdSkXE
  - Lesson: toeic_lesson_80_2
    Old URL: https://example.com/videos/toeic_toeic_grammar_80_2.mp4
    New URL: https://www.youtube.com/watch?v=kFYgLjdSkXE
  - Lesson: toeic_lesson_80_3
    Old URL: https://example.com/videos/toeic_toeic_grammar_80_3.mp4
    New URL: https://www.youtube.com/watch?v=kFYgLjdSkXE
  - Lesson: toeic_lesson_80_4
    Old URL: https://example.com/videos/toeic_toeic_grammar_80_4.mp4
    New URL: https://www.youtube.com/watch?v=kFYgLjdSkXE
  - Lesson: toeic_lesson_80_5
    Old URL: https://example.com/videos/toeic_toeic_grammar_80_5.mp4
    New URL: https://www.youtube.com/watch?v=kFYgLjdSkXE
  - Lesson: toeic_lesson_80_6
    Old URL: https://example.com/videos/toeic_toeic_grammar_80_6.mp4
    New URL: https://www.youtube.com/watch?v=kFYgLjdSkXE
Course: toeic81 - TOEIC Intermediate: Corporate Culture
  - Lesson: toeic_lesson_81_1
    Old URL: https://example.com/videos/toeic_toeic_part_5-6_81_1.mp4
    New URL: https://www.youtube.com/watch?v=kFYgLjdSkXE
  - Lesson: toeic_lesson_81_2
    Old URL: https://example.com/videos/toeic_toeic_part_5-6_81_2.mp4
    New URL: https://www.youtube.com/watch?v=kFYgLjdSkXE
  - Lesson: toeic_lesson_81_3
    Old URL: https://example.com/videos/toeic_toeic_part_5-6_81_3.mp4
    New URL: https://www.youtube.com/watch?v=kFYgLjdSkXE
Course: toeic82 - TOEIC Intermediate: Technology in Business
  - Lesson: toeic_lesson_82_1
    Old URL: https://example.com/videos/toeic_toeic_part_3-4_82_1.mp4
    New URL: https://www.youtube.com/watch?v=kFYgLjdSkXE
  - Lesson: toeic_lesson_82_2
    Old URL: https://example.com/videos/toeic_toeic_part_3-4_82_2.mp4
    New URL: https://www.youtube.com/watch?v=kFYgLjdSkXE
  - Lesson: toeic_lesson_82_3
    Old URL: https://example.com/videos/toeic_toeic_part_3-4_82_3.mp4
    New URL: https://www.youtube.com/watch?v=kFYgLjdSkXE
  - Lesson: toeic_lesson_82_4
    Old URL: https://example.com/videos/toeic_toeic_part_3-4_82_4.mp4
    New URL: https://www.youtube.com/watch?v=kFYgLjdSkXE
Course: toeic83 - TOEIC Advanced: Reading Aloud
  - Lesson: toeic_lesson_83_1
    Old URL: https://example.com/videos/toeic_toeic_grammar_83_1.mp4
    New URL: https://www.youtube.com/watch?v=kFYgLjdSkXE
  - Lesson: toeic_lesson_83_2
    Old URL: https://example.com/videos/toeic_toeic_grammar_83_2.mp4
    New URL: https://www.youtube.com/watch?v=kFYgLjdSkXE
  - Lesson: toeic_lesson_83_3
    Old URL: https://example.com/videos/toeic_toeic_grammar_83_3.mp4
    New URL: https://www.youtube.com/watch?v=kFYgLjdSkXE
  - Lesson: toeic_lesson_83_4
    Old URL: https://example.com/videos/toeic_toeic_grammar_83_4.mp4
    New URL: https://www.youtube.com/watch?v=kFYgLjdSkXE
  - Lesson: toeic_lesson_83_5
    Old URL: https://example.com/videos/toeic_toeic_grammar_83_5.mp4
    New URL: https://www.youtube.com/watch?v=kFYgLjdSkXE
Course: toeic84 - TOEIC Advanced: Reading Aloud
  - Lesson: toeic_lesson_84_1
    Old URL: https://example.com/videos/toeic_toeic_part_5-6_84_1.mp4
    New URL: https://www.youtube.com/watch?v=kFYgLjdSkXE
  - Lesson: toeic_lesson_84_2
    Old URL: https://example.com/videos/toeic_toeic_part_5-6_84_2.mp4
    New URL: https://www.youtube.com/watch?v=kFYgLjdSkXE
  - Lesson: toeic_lesson_84_3
    Old URL: https://example.com/videos/toeic_toeic_part_5-6_84_3.mp4
    New URL: https://www.youtube.com/watch?v=kFYgLjdSkXE
  - Lesson: toeic_lesson_84_4
    Old URL: https://example.com/videos/toeic_toeic_part_5-6_84_4.mp4
    New URL: https://www.youtube.com/watch?v=kFYgLjdSkXE
  - Lesson: toeic_lesson_84_5
    Old URL: https://example.com/videos/toeic_toeic_part_5-6_84_5.mp4
    New URL: https://www.youtube.com/watch?v=kFYgLjdSkXE
  - Lesson: toeic_lesson_84_6
    Old URL: https://example.com/videos/toeic_toeic_part_5-6_84_6.mp4
    New URL: https://www.youtube.com/watch?v=kFYgLjdSkXE
  - Lesson: toeic_lesson_84_7
    Old URL: https://example.com/videos/toeic_toeic_part_5-6_84_7.mp4
    New URL: https://www.youtube.com/watch?v=kFYgLjdSkXE
  - Lesson: toeic_lesson_84_8
    Old URL: https://example.com/videos/toeic_toeic_part_5-6_84_8.mp4
    New URL: https://www.youtube.com/watch?v=kFYgLjdSkXE
Course: toeic85 - TOEIC Advanced: Customer Service
  - Lesson: toeic_lesson_85_1
    Old URL: https://example.com/videos/toeic_business_toeic_85_1.mp4
    New URL: https://www.youtube.com/watch?v=kFYgLjdSkXE
  - Lesson: toeic_lesson_85_10
    Old URL: https://example.com/videos/toeic_business_toeic_85_10.mp4
    New URL: https://www.youtube.com/watch?v=kFYgLjdSkXE
  - Lesson: toeic_lesson_85_11
    Old URL: https://example.com/videos/toeic_business_toeic_85_11.mp4
    New URL: https://www.youtube.com/watch?v=kFYgLjdSkXE
  - Lesson: toeic_lesson_85_2
    Old URL: https://example.com/videos/toeic_business_toeic_85_2.mp4
    New URL: https://www.youtube.com/watch?v=kFYgLjdSkXE
  - Lesson: toeic_lesson_85_3
    Old URL: https://example.com/videos/toeic_business_toeic_85_3.mp4
    New URL: https://www.youtube.com/watch?v=kFYgLjdSkXE
  - Lesson: toeic_lesson_85_4
    Old URL: https://example.com/videos/toeic_business_toeic_85_4.mp4
    New URL: https://www.youtube.com/watch?v=kFYgLjdSkXE
  - Lesson: toeic_lesson_85_5
    Old URL: https://example.com/videos/toeic_business_toeic_85_5.mp4
    New URL: https://www.youtube.com/watch?v=kFYgLjdSkXE
  - Lesson: toeic_lesson_85_6
    Old URL: https://example.com/videos/toeic_business_toeic_85_6.mp4
    New URL: https://www.youtube.com/watch?v=kFYgLjdSkXE
  - Lesson: toeic_lesson_85_7
    Old URL: https://example.com/videos/toeic_business_toeic_85_7.mp4
    New URL: https://www.youtube.com/watch?v=kFYgLjdSkXE
  - Lesson: toeic_lesson_85_8
    Old URL: https://example.com/videos/toeic_business_toeic_85_8.mp4
    New URL: https://www.youtube.com/watch?v=kFYgLjdSkXE
  - Lesson: toeic_lesson_85_9
    Old URL: https://example.com/videos/toeic_business_toeic_85_9.mp4
    New URL: https://www.youtube.com/watch?v=kFYgLjdSkXE
Course: toeic86 - TOEIC Advanced: Finance Vocabulary
  - Lesson: toeic_lesson_86_1
    Old URL: https://example.com/videos/toeic_toeic_grammar_86_1.mp4
    New URL: https://www.youtube.com/watch?v=kFYgLjdSkXE
  - Lesson: toeic_lesson_86_10
    Old URL: https://example.com/videos/toeic_toeic_grammar_86_10.mp4
    New URL: https://www.youtube.com/watch?v=kFYgLjdSkXE
  - Lesson: toeic_lesson_86_2
    Old URL: https://example.com/videos/toeic_toeic_grammar_86_2.mp4
    New URL: https://www.youtube.com/watch?v=kFYgLjdSkXE
  - Lesson: toeic_lesson_86_3
    Old URL: https://example.com/videos/toeic_toeic_grammar_86_3.mp4
    New URL: https://www.youtube.com/watch?v=kFYgLjdSkXE
  - Lesson: toeic_lesson_86_4
    Old URL: https://example.com/videos/toeic_toeic_grammar_86_4.mp4
    New URL: https://www.youtube.com/watch?v=kFYgLjdSkXE
  - Lesson: toeic_lesson_86_5
    Old URL: https://example.com/videos/toeic_toeic_grammar_86_5.mp4
    New URL: https://www.youtube.com/watch?v=kFYgLjdSkXE
  - Lesson: toeic_lesson_86_6
    Old URL: https://example.com/videos/toeic_toeic_grammar_86_6.mp4
    New URL: https://www.youtube.com/watch?v=kFYgLjdSkXE
  - Lesson: toeic_lesson_86_7
    Old URL: https://example.com/videos/toeic_toeic_grammar_86_7.mp4
    New URL: https://www.youtube.com/watch?v=kFYgLjdSkXE
  - Lesson: toeic_lesson_86_8
    Old URL: https://example.com/videos/toeic_toeic_grammar_86_8.mp4
    New URL: https://www.youtube.com/watch?v=kFYgLjdSkXE
  - Lesson: toeic_lesson_86_9
    Old URL: https://example.com/videos/toeic_toeic_grammar_86_9.mp4
    New URL: https://www.youtube.com/watch?v=kFYgLjdSkXE
Course: toeic87 - TOEIC Intermediate: Office Communication
  - Lesson: toeic_lesson_87_1
    Old URL: https://example.com/videos/toeic_business_toeic_87_1.mp4
    New URL: https://www.youtube.com/watch?v=kFYgLjdSkXE
  - Lesson: toeic_lesson_87_2
    Old URL: https://example.com/videos/toeic_business_toeic_87_2.mp4
    New URL: https://www.youtube.com/watch?v=kFYgLjdSkXE
  - Lesson: toeic_lesson_87_3
    Old URL: https://example.com/videos/toeic_business_toeic_87_3.mp4
    New URL: https://www.youtube.com/watch?v=kFYgLjdSkXE
  - Lesson: toeic_lesson_87_4
    Old URL: https://example.com/videos/toeic_business_toeic_87_4.mp4
    New URL: https://www.youtube.com/watch?v=kFYgLjdSkXE
  - Lesson: toeic_lesson_87_5
    Old URL: https://example.com/videos/toeic_business_toeic_87_5.mp4
    New URL: https://www.youtube.com/watch?v=kFYgLjdSkXE
  - Lesson: toeic_lesson_87_6
    Old URL: https://example.com/videos/toeic_business_toeic_87_6.mp4
    New URL: https://www.youtube.com/watch?v=kFYgLjdSkXE
  - Lesson: toeic_lesson_87_7
    Old URL: https://example.com/videos/toeic_business_toeic_87_7.mp4
    New URL: https://www.youtube.com/watch?v=kFYgLjdSkXE
Course: toeic88 - TOEIC Intermediate: Business Travel
  - Lesson: toeic_lesson_88_1
    Old URL: https://example.com/videos/toeic_toeic_part_3-4_88_1.mp4
    New URL: https://www.youtube.com/watch?v=kFYgLjdSkXE
  - Lesson: toeic_lesson_88_2
    Old URL: https://example.com/videos/toeic_toeic_part_3-4_88_2.mp4
    New URL: https://www.youtube.com/watch?v=kFYgLjdSkXE
  - Lesson: toeic_lesson_88_3
    Old URL: https://example.com/videos/toeic_toeic_part_3-4_88_3.mp4
    New URL: https://www.youtube.com/watch?v=kFYgLjdSkXE
Course: toeic89 - TOEIC Advanced: Meeting Vocabulary
  - Lesson: toeic_lesson_89_1
    Old URL: https://example.com/videos/toeic_toeic_vocabulary_89_1.mp4
    New URL: https://www.youtube.com/watch?v=kFYgLjdSkXE
  - Lesson: toeic_lesson_89_2
    Old URL: https://example.com/videos/toeic_toeic_vocabulary_89_2.mp4
    New URL: https://www.youtube.com/watch?v=kFYgLjdSkXE
  - Lesson: toeic_lesson_89_3
    Old URL: https://example.com/videos/toeic_toeic_vocabulary_89_3.mp4
    New URL: https://www.youtube.com/watch?v=kFYgLjdSkXE
  - Lesson: toeic_lesson_89_4
    Old URL: https://example.com/videos/toeic_toeic_vocabulary_89_4.mp4
    New URL: https://www.youtube.com/watch?v=kFYgLjdSkXE
Course: toeic9 - TOEIC Beginner: Human Resources
  - Lesson: toeic_lesson_9_1
    Old URL: https://example.com/videos/toeic_toeic_vocabulary_9_1.mp4
    New URL: https://www.youtube.com/watch?v=kFYgLjdSkXE
  - Lesson: toeic_lesson_9_2
    Old URL: https://example.com/videos/toeic_toeic_vocabulary_9_2.mp4
    New URL: https://www.youtube.com/watch?v=kFYgLjdSkXE
  - Lesson: toeic_lesson_9_3
    Old URL: https://example.com/videos/toeic_toeic_vocabulary_9_3.mp4
    New URL: https://www.youtube.com/watch?v=kFYgLjdSkXE
  - Lesson: toeic_lesson_9_4
    Old URL: https://example.com/videos/toeic_toeic_vocabulary_9_4.mp4
    New URL: https://www.youtube.com/watch?v=kFYgLjdSkXE
Course: toeic90 - TOEIC Beginner: Product Descriptions
  - Lesson: toeic_lesson_90_1
    Old URL: https://example.com/videos/toeic_toeic_part_7_90_1.mp4
    New URL: https://www.youtube.com/watch?v=kFYgLjdSkXE
  - Lesson: toeic_lesson_90_2
    Old URL: https://example.com/videos/toeic_toeic_part_7_90_2.mp4
    New URL: https://www.youtube.com/watch?v=kFYgLjdSkXE
  - Lesson: toeic_lesson_90_3
    Old URL: https://example.com/videos/toeic_toeic_part_7_90_3.mp4
    New URL: https://www.youtube.com/watch?v=kFYgLjdSkXE
  - Lesson: toeic_lesson_90_4
    Old URL: https://example.com/videos/toeic_toeic_part_7_90_4.mp4
    New URL: https://www.youtube.com/watch?v=kFYgLjdSkXE
  - Lesson: toeic_lesson_90_5
    Old URL: https://example.com/videos/toeic_toeic_part_7_90_5.mp4
    New URL: https://www.youtube.com/watch?v=kFYgLjdSkXE
  - Lesson: toeic_lesson_90_6
    Old URL: https://example.com/videos/toeic_toeic_part_7_90_6.mp4
    New URL: https://www.youtube.com/watch?v=kFYgLjdSkXE
  - Lesson: toeic_lesson_90_7
    Old URL: https://example.com/videos/toeic_toeic_part_7_90_7.mp4
    New URL: https://www.youtube.com/watch?v=kFYgLjdSkXE
  - Lesson: toeic_lesson_90_8
    Old URL: https://example.com/videos/toeic_toeic_part_7_90_8.mp4
    New URL: https://www.youtube.com/watch?v=kFYgLjdSkXE
  - Lesson: toeic_lesson_90_9
    Old URL: https://example.com/videos/toeic_toeic_part_7_90_9.mp4
    New URL: https://www.youtube.com/watch?v=kFYgLjdSkXE
Course: toeic91 - TOEIC Advanced: Strategic Planning
  - Lesson: toeic_lesson_91_1
    Old URL: https://example.com/videos/toeic_toeic_vocabulary_91_1.mp4
    New URL: https://www.youtube.com/watch?v=kFYgLjdSkXE
  - Lesson: toeic_lesson_91_2
    Old URL: https://example.com/videos/toeic_toeic_vocabulary_91_2.mp4
    New URL: https://www.youtube.com/watch?v=kFYgLjdSkXE
  - Lesson: toeic_lesson_91_3
    Old URL: https://example.com/videos/toeic_toeic_vocabulary_91_3.mp4
    New URL: https://www.youtube.com/watch?v=kFYgLjdSkXE
  - Lesson: toeic_lesson_91_4
    Old URL: https://example.com/videos/toeic_toeic_vocabulary_91_4.mp4
    New URL: https://www.youtube.com/watch?v=kFYgLjdSkXE
  - Lesson: toeic_lesson_91_5
    Old URL: https://example.com/videos/toeic_toeic_vocabulary_91_5.mp4
    New URL: https://www.youtube.com/watch?v=kFYgLjdSkXE
  - Lesson: toeic_lesson_91_6
    Old URL: https://example.com/videos/toeic_toeic_vocabulary_91_6.mp4
    New URL: https://www.youtube.com/watch?v=kFYgLjdSkXE
Course: toeic92 - TOEIC Intermediate: Human Resources
  - Lesson: toeic_lesson_92_1
    Old URL: https://example.com/videos/toeic_toeic_reading_92_1.mp4
    New URL: https://www.youtube.com/watch?v=kFYgLjdSkXE
  - Lesson: toeic_lesson_92_2
    Old URL: https://example.com/videos/toeic_toeic_reading_92_2.mp4
    New URL: https://www.youtube.com/watch?v=kFYgLjdSkXE
  - Lesson: toeic_lesson_92_3
    Old URL: https://example.com/videos/toeic_toeic_reading_92_3.mp4
    New URL: https://www.youtube.com/watch?v=kFYgLjdSkXE
  - Lesson: toeic_lesson_92_4
    Old URL: https://example.com/videos/toeic_toeic_reading_92_4.mp4
    New URL: https://www.youtube.com/watch?v=kFYgLjdSkXE
  - Lesson: toeic_lesson_92_5
    Old URL: https://example.com/videos/toeic_toeic_reading_92_5.mp4
    New URL: https://www.youtube.com/watch?v=kFYgLjdSkXE
  - Lesson: toeic_lesson_92_6
    Old URL: https://example.com/videos/toeic_toeic_reading_92_6.mp4
    New URL: https://www.youtube.com/watch?v=kFYgLjdSkXE
Course: toeic93 - TOEIC Advanced: Professional Development
  - Lesson: toeic_lesson_93_1
    Old URL: https://example.com/videos/toeic_toeic_vocabulary_93_1.mp4
    New URL: https://www.youtube.com/watch?v=kFYgLjdSkXE
  - Lesson: toeic_lesson_93_10
    Old URL: https://example.com/videos/toeic_toeic_vocabulary_93_10.mp4
    New URL: https://www.youtube.com/watch?v=kFYgLjdSkXE
  - Lesson: toeic_lesson_93_11
    Old URL: https://example.com/videos/toeic_toeic_vocabulary_93_11.mp4
    New URL: https://www.youtube.com/watch?v=kFYgLjdSkXE
  - Lesson: toeic_lesson_93_12
    Old URL: https://example.com/videos/toeic_toeic_vocabulary_93_12.mp4
    New URL: https://www.youtube.com/watch?v=kFYgLjdSkXE
  - Lesson: toeic_lesson_93_2
    Old URL: https://example.com/videos/toeic_toeic_vocabulary_93_2.mp4
    New URL: https://www.youtube.com/watch?v=kFYgLjdSkXE
  - Lesson: toeic_lesson_93_3
    Old URL: https://example.com/videos/toeic_toeic_vocabulary_93_3.mp4
    New URL: https://www.youtube.com/watch?v=kFYgLjdSkXE
  - Lesson: toeic_lesson_93_4
    Old URL: https://example.com/videos/toeic_toeic_vocabulary_93_4.mp4
    New URL: https://www.youtube.com/watch?v=kFYgLjdSkXE
  - Lesson: toeic_lesson_93_5
    Old URL: https://example.com/videos/toeic_toeic_vocabulary_93_5.mp4
    New URL: https://www.youtube.com/watch?v=kFYgLjdSkXE
  - Lesson: toeic_lesson_93_6
    Old URL: https://example.com/videos/toeic_toeic_vocabulary_93_6.mp4
    New URL: https://www.youtube.com/watch?v=kFYgLjdSkXE
  - Lesson: toeic_lesson_93_7
    Old URL: https://example.com/videos/toeic_toeic_vocabulary_93_7.mp4
    New URL: https://www.youtube.com/watch?v=kFYgLjdSkXE
  - Lesson: toeic_lesson_93_8
    Old URL: https://example.com/videos/toeic_toeic_vocabulary_93_8.mp4
    New URL: https://www.youtube.com/watch?v=kFYgLjdSkXE
  - Lesson: toeic_lesson_93_9
    Old URL: https://example.com/videos/toeic_toeic_vocabulary_93_9.mp4
    New URL: https://www.youtube.com/watch?v=kFYgLjdSkXE
Course: toeic94 - TOEIC Intermediate: Customer Service
  - Lesson: toeic_lesson_94_1
    Old URL: https://example.com/videos/toeic_toeic_speaking_94_1.mp4
    New URL: https://www.youtube.com/watch?v=kFYgLjdSkXE
  - Lesson: toeic_lesson_94_2
    Old URL: https://example.com/videos/toeic_toeic_speaking_94_2.mp4
    New URL: https://www.youtube.com/watch?v=kFYgLjdSkXE
  - Lesson: toeic_lesson_94_3
    Old URL: https://example.com/videos/toeic_toeic_speaking_94_3.mp4
    New URL: https://www.youtube.com/watch?v=kFYgLjdSkXE
  - Lesson: toeic_lesson_94_4
    Old URL: https://example.com/videos/toeic_toeic_speaking_94_4.mp4
    New URL: https://www.youtube.com/watch?v=kFYgLjdSkXE
  - Lesson: toeic_lesson_94_5
    Old URL: https://example.com/videos/toeic_toeic_speaking_94_5.mp4
    New URL: https://www.youtube.com/watch?v=kFYgLjdSkXE
  - Lesson: toeic_lesson_94_6
    Old URL: https://example.com/videos/toeic_toeic_speaking_94_6.mp4
    New URL: https://www.youtube.com/watch?v=kFYgLjdSkXE
Course: toeic95 - TOEIC Beginner: Product Descriptions
  - Lesson: toeic_lesson_95_1
    Old URL: https://example.com/videos/toeic_toeic_part_7_95_1.mp4
    New URL: https://www.youtube.com/watch?v=kFYgLjdSkXE
  - Lesson: toeic_lesson_95_2
    Old URL: https://example.com/videos/toeic_toeic_part_7_95_2.mp4
    New URL: https://www.youtube.com/watch?v=kFYgLjdSkXE
  - Lesson: toeic_lesson_95_3
    Old URL: https://example.com/videos/toeic_toeic_part_7_95_3.mp4
    New URL: https://www.youtube.com/watch?v=kFYgLjdSkXE
Course: toeic96 - TOEIC Advanced: Finance Vocabulary
  - Lesson: toeic_lesson_96_1
    Old URL: https://example.com/videos/toeic_toeic_speaking_96_1.mp4
    New URL: https://www.youtube.com/watch?v=kFYgLjdSkXE
  - Lesson: toeic_lesson_96_2
    Old URL: https://example.com/videos/toeic_toeic_speaking_96_2.mp4
    New URL: https://www.youtube.com/watch?v=kFYgLjdSkXE
  - Lesson: toeic_lesson_96_3
    Old URL: https://example.com/videos/toeic_toeic_speaking_96_3.mp4
    New URL: https://www.youtube.com/watch?v=kFYgLjdSkXE
  - Lesson: toeic_lesson_96_4
    Old URL: https://example.com/videos/toeic_toeic_speaking_96_4.mp4
    New URL: https://www.youtube.com/watch?v=kFYgLjdSkXE
  - Lesson: toeic_lesson_96_5
    Old URL: https://example.com/videos/toeic_toeic_speaking_96_5.mp4
    New URL: https://www.youtube.com/watch?v=kFYgLjdSkXE
  - Lesson: toeic_lesson_96_6
    Old URL: https://example.com/videos/toeic_toeic_speaking_96_6.mp4
    New URL: https://www.youtube.com/watch?v=kFYgLjdSkXE
  - Lesson: toeic_lesson_96_7
    Old URL: https://example.com/videos/toeic_toeic_speaking_96_7.mp4
    New URL: https://www.youtube.com/watch?v=kFYgLjdSkXE
  - Lesson: toeic_lesson_96_8
    Old URL: https://example.com/videos/toeic_toeic_speaking_96_8.mp4
    New URL: https://www.youtube.com/watch?v=kFYgLjdSkXE
  - Lesson: toeic_lesson_96_9
    Old URL: https://example.com/videos/toeic_toeic_speaking_96_9.mp4
    New URL: https://www.youtube.com/watch?v=kFYgLjdSkXE
Course: toeic97 - TOEIC Beginner: Quality Management
  - Lesson: toeic_lesson_97_1
    Old URL: https://example.com/videos/toeic_toeic_vocabulary_97_1.mp4
    New URL: https://www.youtube.com/watch?v=kFYgLjdSkXE
  - Lesson: toeic_lesson_97_2
    Old URL: https://example.com/videos/toeic_toeic_vocabulary_97_2.mp4
    New URL: https://www.youtube.com/watch?v=kFYgLjdSkXE
  - Lesson: toeic_lesson_97_3
    Old URL: https://example.com/videos/toeic_toeic_vocabulary_97_3.mp4
    New URL: https://www.youtube.com/watch?v=kFYgLjdSkXE
  - Lesson: toeic_lesson_97_4
    Old URL: https://example.com/videos/toeic_toeic_vocabulary_97_4.mp4
    New URL: https://www.youtube.com/watch?v=kFYgLjdSkXE
  - Lesson: toeic_lesson_97_5
    Old URL: https://example.com/videos/toeic_toeic_vocabulary_97_5.mp4
    New URL: https://www.youtube.com/watch?v=kFYgLjdSkXE
  - Lesson: toeic_lesson_97_6
    Old URL: https://example.com/videos/toeic_toeic_vocabulary_97_6.mp4
    New URL: https://www.youtube.com/watch?v=kFYgLjdSkXE
  - Lesson: toeic_lesson_97_7
    Old URL: https://example.com/videos/toeic_toeic_vocabulary_97_7.mp4
    New URL: https://www.youtube.com/watch?v=kFYgLjdSkXE
Course: toeic98 - TOEIC Intermediate: Quality Management
  - Lesson: toeic_lesson_98_1
    Old URL: https://example.com/videos/toeic_toeic_listening_98_1.mp4
    New URL: https://www.youtube.com/watch?v=kFYgLjdSkXE
  - Lesson: toeic_lesson_98_2
    Old URL: https://example.com/videos/toeic_toeic_listening_98_2.mp4
    New URL: https://www.youtube.com/watch?v=kFYgLjdSkXE
  - Lesson: toeic_lesson_98_3
    Old URL: https://example.com/videos/toeic_toeic_listening_98_3.mp4
    New URL: https://www.youtube.com/watch?v=kFYgLjdSkXE
Course: toeic99 - TOEIC Advanced: Finance Vocabulary
  - Lesson: toeic_lesson_99_1
    Old URL: https://example.com/videos/toeic_toeic_writing_99_1.mp4
    New URL: https://www.youtube.com/watch?v=kFYgLjdSkXE
  - Lesson: toeic_lesson_99_10
    Old URL: https://example.com/videos/toeic_toeic_writing_99_10.mp4
    New URL: https://www.youtube.com/watch?v=kFYgLjdSkXE
  - Lesson: toeic_lesson_99_2
    Old URL: https://example.com/videos/toeic_toeic_writing_99_2.mp4
    New URL: https://www.youtube.com/watch?v=kFYgLjdSkXE
  - Lesson: toeic_lesson_99_3
    Old URL: https://example.com/videos/toeic_toeic_writing_99_3.mp4
    New URL: https://www.youtube.com/watch?v=kFYgLjdSkXE
  - Lesson: toeic_lesson_99_4
    Old URL: https://example.com/videos/toeic_toeic_writing_99_4.mp4
    New URL: https://www.youtube.com/watch?v=kFYgLjdSkXE
  - Lesson: toeic_lesson_99_5
    Old URL: https://example.com/videos/toeic_toeic_writing_99_5.mp4
    New URL: https://www.youtube.com/watch?v=kFYgLjdSkXE
  - Lesson: toeic_lesson_99_6
    Old URL: https://example.com/videos/toeic_toeic_writing_99_6.mp4
    New URL: https://www.youtube.com/watch?v=kFYgLjdSkXE
  - Lesson: toeic_lesson_99_7
    Old URL: https://example.com/videos/toeic_toeic_writing_99_7.mp4
    New URL: https://www.youtube.com/watch?v=kFYgLjdSkXE
  - Lesson: toeic_lesson_99_8
    Old URL: https://example.com/videos/toeic_toeic_writing_99_8.mp4
    New URL: https://www.youtube.com/watch?v=kFYgLjdSkXE
  - Lesson: toeic_lesson_99_9
    Old URL: https://example.com/videos/toeic_toeic_writing_99_9.mp4
    New URL: https://www.youtube.com/watch?v=kFYgLjdSkXE

Lesson Summary:
Total courses processed: 100
Total lessons found: 736
Lessons updated: 543

===== QUESTIONS =====

Collection: Tests

Collection: Questions

Collection: examQuestions

Test Models with Questions:

Question Summary:
Total questions checked: 33
Questions updated: 0

Final Summary:
Total items updated: 543
Completed at: 2025-05-09 12:11:39
